[    0.000000] Initializing cgroup subsys cpuset
[    0.000000] Initializing cgroup subsys cpu
[    0.000000] Initializing cgroup subsys cpuacct
[    0.000000] Linux version 4.4.0-165-generic (buildd@lgw01-amd64-027) (gcc version 5.4.0 20160609 (Ubuntu 5.4.0-6ubuntu1~16.04.10) ) #193-Ubuntu SMP Tue Sep 17 17:42:52 UTC 2019 (Ubuntu 4.4.0-165.193-generic 4.4.189)
[    0.000000] Command line: BOOT_IMAGE=/boot/vmlinuz-4.4.0-165-generic root=LABEL=cloudimg-rootfs ro console=tty1 console=ttyS0
[    0.000000] KERNEL supported cpus:
[    0.000000]   Intel GenuineIntel
[    0.000000]   AMD AuthenticAMD
[    0.000000]   Centaur CentaurHauls
[    0.000000] x86/fpu: xstate_offset[2]:  576, xstate_sizes[2]:  256
[    0.000000] x86/fpu: Supporting XSAVE feature 0x01: 'x87 floating point registers'
[    0.000000] x86/fpu: Supporting XSAVE feature 0x02: 'SSE registers'
[    0.000000] x86/fpu: Supporting XSAVE feature 0x04: 'AVX registers'
[    0.000000] x86/fpu: Enabled xstate features 0x7, context size is 832 bytes, using 'standard' format.
[    0.000000] e820: BIOS-provided physical RAM map:
[    0.000000] BIOS-e820: [mem 0x0000000000000000-0x000000000009fbff] usable
[    0.000000] BIOS-e820: [mem 0x000000000009fc00-0x000000000009ffff] reserved
[    0.000000] BIOS-e820: [mem 0x00000000000f0000-0x00000000000fffff] reserved
[    0.000000] BIOS-e820: [mem 0x0000000000100000-0x000000007ffeffff] usable
[    0.000000] BIOS-e820: [mem 0x000000007fff0000-0x000000007fffffff] ACPI data
[    0.000000] BIOS-e820: [mem 0x00000000fec00000-0x00000000fec00fff] reserved
[    0.000000] BIOS-e820: [mem 0x00000000fee00000-0x00000000fee00fff] reserved
[    0.000000] BIOS-e820: [mem 0x00000000fffc0000-0x00000000ffffffff] reserved
[    0.000000] NX (Execute Disable) protection: active
[    0.000000] SMBIOS 2.5 present.
[    0.000000] Hypervisor detected: KVM
[    0.000000] e820: last_pfn = 0x7fff0 max_arch_pfn = 0x400000000
[    0.000000] MTRR: Disabled
[    0.000000] x86/PAT: MTRRs disabled, skipping PAT initialization too.
[    0.000000] CPU MTRRs all blank - virtualized system.
[    0.000000] x86/PAT: Configuration [0-7]: WB  WT  UC- UC  WB  WT  UC- UC  
[    0.000000] found SMP MP-table at [mem 0x0009fff0-0x0009ffff] mapped at [ffff88000009fff0]
[    0.000000] Scanning 1 areas for low memory corruption
[    0.000000] RAMDISK: [mem 0x362f6000-0x37172fff]
[    0.000000] ACPI: Early table checksum verification disabled
[    0.000000] ACPI: RSDP 0x00000000000E0000 000024 (v02 VBOX  )
[    0.000000] ACPI: XSDT 0x000000007FFF0030 00003C (v01 VBOX   VBOXXSDT 00000001 ASL  00000061)
[    0.000000] ACPI: FACP 0x000000007FFF00F0 0000F4 (v04 VBOX   VBOXFACP 00000001 ASL  00000061)
[    0.000000] ACPI: DSDT 0x000000007FFF0470 0022EA (v02 VBOX   VBOXBIOS 00000002 INTL 20100528)
[    0.000000] ACPI: FACS 0x000000007FFF0200 000040
[    0.000000] ACPI: FACS 0x000000007FFF0200 000040
[    0.000000] ACPI: APIC 0x000000007FFF0240 00005C (v02 VBOX   VBOXAPIC 00000001 ASL  00000061)
[    0.000000] ACPI: SSDT 0x000000007FFF02A0 0001CC (v01 VBOX   VBOXCPUT 00000002 INTL 20100528)
[    0.000000] No NUMA configuration found
[    0.000000] Faking a node at [mem 0x0000000000000000-0x000000007ffeffff]
[    0.000000] NODE_DATA(0) allocated [mem 0x7ffeb000-0x7ffeffff]
[    0.000000] kvm-clock: Using msrs 4b564d01 and 4b564d00
[    0.000000] kvm-clock: cpu 0, msr 0:7ffe3001, primary cpu clock
[    0.000000] kvm-clock: using sched offset of 3451089855 cycles
[    0.000000] clocksource: kvm-clock: mask: 0xffffffffffffffff max_cycles: 0x1cd42e4dffb, max_idle_ns: 881590591483 ns
[    0.000000] Zone ranges:
[    0.000000]   DMA      [mem 0x0000000000001000-0x0000000000ffffff]
[    0.000000]   DMA32    [mem 0x0000000001000000-0x000000007ffeffff]
[    0.000000]   Normal   empty
[    0.000000]   Device   empty
[    0.000000] Movable zone start for each node
[    0.000000] Early memory node ranges
[    0.000000]   node   0: [mem 0x0000000000001000-0x000000000009efff]
[    0.000000]   node   0: [mem 0x0000000000100000-0x000000007ffeffff]
[    0.000000] Initmem setup node 0 [mem 0x0000000000001000-0x000000007ffeffff]
[    0.000000] ACPI: PM-Timer IO Port: 0x4008
[    0.000000] IOAPIC[0]: apic_id 2, version 32, address 0xfec00000, GSI 0-23
[    0.000000] ACPI: INT_SRC_OVR (bus 0 bus_irq 0 global_irq 2 dfl dfl)
[    0.000000] ACPI: INT_SRC_OVR (bus 0 bus_irq 9 global_irq 9 low level)
[    0.000000] Using ACPI (MADT) for SMP configuration information
[    0.000000] smpboot: Allowing 2 CPUs, 0 hotplug CPUs
[    0.000000] PM: Registered nosave memory: [mem 0x00000000-0x00000fff]
[    0.000000] PM: Registered nosave memory: [mem 0x0009f000-0x0009ffff]
[    0.000000] PM: Registered nosave memory: [mem 0x000a0000-0x000effff]
[    0.000000] PM: Registered nosave memory: [mem 0x000f0000-0x000fffff]
[    0.000000] e820: [mem 0x80000000-0xfebfffff] available for PCI devices
[    0.000000] Booting paravirtualized kernel on KVM
[    0.000000] clocksource: refined-jiffies: mask: 0xffffffff max_cycles: 0xffffffff, max_idle_ns: 7645519600211568 ns
[    0.000000] setup_percpu: NR_CPUS:512 nr_cpumask_bits:512 nr_cpu_ids:2 nr_node_ids:1
[    0.000000] PERCPU: Embedded 34 pages/cpu @ffff88007fc00000 s99544 r8192 d31528 u1048576
[    0.000000] Built 1 zonelists in Node order, mobility grouping on.  Total pages: 515960
[    0.000000] Policy zone: DMA32
[    0.000000] Kernel command line: BOOT_IMAGE=/boot/vmlinuz-4.4.0-165-generic root=LABEL=cloudimg-rootfs ro console=tty1 console=ttyS0
[    0.000000] PID hash table entries: 4096 (order: 3, 32768 bytes)
[    0.000000] Memory: 2029916K/2096696K available (8621K kernel code, 1335K rwdata, 4032K rodata, 1484K init, 1284K bss, 66780K reserved, 0K cma-reserved)
[    0.000000] SLUB: HWalign=64, Order=0-3, MinObjects=0, CPUs=2, Nodes=1
[    0.000000] Kernel/User page tables isolation: enabled
[    0.000000] Hierarchical RCU implementation.
[    0.000000] 	Build-time adjustment of leaf fanout to 64.
[    0.000000] 	RCU restricting CPUs from NR_CPUS=512 to nr_cpu_ids=2.
[    0.000000] RCU: Adjusting geometry for rcu_fanout_leaf=64, nr_cpu_ids=2
[    0.000000] NR_IRQS:33024 nr_irqs:440 16
[    0.000000] Console: colour VGA+ 80x25
[    0.000000] console [tty1] enabled
[    0.000000] console [ttyS0] enabled
[    0.000000] tsc: Detected 2903.998 MHz processor
[    0.184354] Calibrating delay loop (skipped) preset value.. 5807.99 BogoMIPS (lpj=11615992)
[    0.186435] pid_max: default: 32768 minimum: 301
[    0.187592] ACPI: Core revision 20150930
[    0.189329] ACPI: 2 ACPI AML tables successfully acquired and loaded
[    0.190943] Security Framework initialized
[    0.192247] Yama: becoming mindful.
[    0.193151] AppArmor: AppArmor initialized
[    0.195479] Dentry cache hash table entries: 262144 (order: 9, 2097152 bytes)
[    0.197390] Inode-cache hash table entries: 131072 (order: 8, 1048576 bytes)
[    0.200363] Mount-cache hash table entries: 4096 (order: 3, 32768 bytes)
[    0.202434] Mountpoint-cache hash table entries: 4096 (order: 3, 32768 bytes)
[    0.204557] Initializing cgroup subsys io
[    0.205572] Initializing cgroup subsys memory
[    0.206660] Initializing cgroup subsys devices
[    0.208616] Initializing cgroup subsys freezer
[    0.209700] Initializing cgroup subsys net_cls
[    0.210784] Initializing cgroup subsys perf_event
[    0.212293] Initializing cgroup subsys net_prio
[    0.213722] Initializing cgroup subsys hugetlb
[    0.214809] Initializing cgroup subsys pids
[    0.216868] mce: CPU supports 0 MCE banks
[    0.217979] Last level iTLB entries: 4KB 64, 2MB 8, 4MB 8
[    0.219534] Last level dTLB entries: 4KB 64, 2MB 0, 4MB 0, 1GB 4
[    0.220918] Spectre V1 : Mitigation: usercopy/swapgs barriers and __user pointer sanitization
[    0.222976] Spectre V2 : Mitigation: Full generic retpoline
[    0.224330] Spectre V2 : Spectre v2 / SpectreRSB mitigation: Filling RSB on context switch
[    0.226341] Speculative Store Bypass: Vulnerable
[    0.227558] MDS: Mitigation: Clear CPU buffers
[    0.231143] Freeing SMP alternatives memory: 36K
[    0.237671] ftrace: allocating 32318 entries in 127 pages
[    0.291618] smpboot: APIC(0) Converting physical 0 to logical package 0
[    0.293781] smpboot: Max logical packages: 1
[    0.295060] x2apic enabled
[    0.295977] Switched APIC routing to physical x2apic.
[    0.298212] ..TIMER: vector=0x30 apic1=0 pin1=2 apic2=-1 pin2=-1
[    0.407982] smpboot: CPU0: Intel(R) Core(TM) i7-6920HQ CPU @ 2.90GHz (family: 0x6, model: 0x5e, stepping: 0x3)
[    0.410857] Performance Events: unsupported p6 CPU model 94 no PMU driver, software events only.
[    0.422347] KVM setup paravirtual spinlock
[    0.425369] x86: Booting SMP configuration:
[    0.426593] .... node  #0, CPUs:      #1
[    0.427970] kvm-clock: cpu 1, msr 0:7ffe3041, secondary cpu clock
[    0.430689] mce: CPU supports 0 MCE banks
[    0.433447] x86: Booted up 1 node, 2 CPUs
[    0.434617] smpboot: Total of 2 processors activated (11615.99 BogoMIPS)
[    0.436543] devtmpfs: initialized
[    0.438993] evm: security.selinux
[    0.440189] evm: security.SMACK64
[    0.441190] evm: security.SMACK64EXEC
[    0.442188] evm: security.SMACK64TRANSMUTE
[    0.443173] evm: security.SMACK64MMAP
[    0.444277] evm: security.ima
[    0.445519] evm: security.capability
[    0.446616] clocksource: jiffies: mask: 0xffffffff max_cycles: 0xffffffff, max_idle_ns: 7645041785100000 ns
[    0.449382] futex hash table entries: 512 (order: 3, 32768 bytes)
[    0.451236] pinctrl core: initialized pinctrl subsystem
[    0.452929] RTC time: 16:18:05, date: 10/22/19
[    0.454297] NET: Registered protocol family 16
[    0.467339] cpuidle: using governor ladder
[    0.480304] cpuidle: using governor menu
[    0.482208] PCCT header not found.
[    0.483712] ACPI: bus type PCI registered
[    0.485069] acpiphp: ACPI Hot Plug PCI Controller Driver version: 0.5
[    0.487045] PCI: Using configuration type 1 for base access
[    0.500984] ACPI: Added _OSI(Module Device)
[    0.502589] ACPI: Added _OSI(Processor Device)
[    0.504116] ACPI: Added _OSI(3.0 _SCP Extensions)
[    0.505504] ACPI: Added _OSI(Processor Aggregator Device)
[    0.507926] ACPI: Executed 1 blocks of module-level executable AML code
[    0.512007] ACPI: Interpreter enabled
[    0.513150] ACPI: (supports S0 S5)
[    0.514216] ACPI: Using IOAPIC for interrupt routing
[    0.515680] PCI: Using host bridge windows from ACPI; if necessary, use "pci=nocrs" and report a bug
[    0.522213] ACPI: PCI Root Bridge [PCI0] (domain 0000 [bus 00-ff])
[    0.524146] acpi PNP0A03:00: _OSC: OS supports [ASPM ClockPM Segments MSI]
[    0.526277] acpi PNP0A03:00: _OSC: not requesting OS control; OS requires [ExtendedConfig ASPM ClockPM MSI]
[    0.528837] acpi PNP0A03:00: fail to add MMCONFIG information, can't access extended PCI configuration space under this bridge.
[    0.531945] PCI host bridge to bus 0000:00
[    0.532940] pci_bus 0000:00: root bus resource [io  0x0000-0x0cf7 window]
[    0.534462] pci_bus 0000:00: root bus resource [io  0x0d00-0xffff window]
[    0.536058] pci_bus 0000:00: root bus resource [mem 0x000a0000-0x000bffff window]
[    0.538046] pci_bus 0000:00: root bus resource [mem 0x80000000-0xfdffffff window]
[    0.539991] pci_bus 0000:00: root bus resource [bus 00-ff]
[    0.544075] pci 0000:00:01.1: legacy IDE quirk: reg 0x10: [io  0x01f0-0x01f7]
[    0.546227] pci 0000:00:01.1: legacy IDE quirk: reg 0x14: [io  0x03f6]
[    0.547887] pci 0000:00:01.1: legacy IDE quirk: reg 0x18: [io  0x0170-0x0177]
[    0.549580] pci 0000:00:01.1: legacy IDE quirk: reg 0x1c: [io  0x0376]
[    0.578121] pci 0000:00:07.0: quirk: [io  0x4000-0x403f] claimed by PIIX4 ACPI
[    0.580662] pci 0000:00:07.0: quirk: [io  0x4100-0x410f] claimed by PIIX4 SMB
[    0.594376] ACPI: PCI Interrupt Link [LNKA] (IRQs 5 9 10 *11)
[    0.596892] ACPI: PCI Interrupt Link [LNKB] (IRQs 5 9 *10 11)
[    0.598736] ACPI: PCI Interrupt Link [LNKC] (IRQs 5 *9 10 11)
[    0.600420] ACPI: PCI Interrupt Link [LNKD] (IRQs 5 9 10 *11)
[    0.602653] ACPI: Enabled 2 GPEs in block 00 to 07
[    0.604684] vgaarb: setting as boot device: PCI:0000:00:02.0
[    0.606428] vgaarb: device added: PCI:0000:00:02.0,decodes=io+mem,owns=io+mem,locks=none
[    0.608797] vgaarb: loaded
[    0.609586] vgaarb: bridge control possible 0000:00:02.0
[    0.611215] SCSI subsystem initialized
[    0.612352] ACPI: bus type USB registered
[    0.613532] usbcore: registered new interface driver usbfs
[    0.615095] usbcore: registered new interface driver hub
[    0.616572] usbcore: registered new device driver usb
[    0.618074] PCI: Using ACPI for IRQ routing
[    0.619483] NetLabel: Initializing
[    0.620392] NetLabel:  domain hash size = 128
[    0.621540] NetLabel:  protocols = UNLABELED CIPSOv4
[    0.622758] NetLabel:  unlabeled traffic allowed by default
[    0.624185] amd_nb: Cannot enumerate AMD northbridges
[    0.625521] clocksource: Switched to clocksource kvm-clock
[    0.634092] AppArmor: AppArmor Filesystem Enabled
[    0.635558] pnp: PnP ACPI init
[    0.637455] pnp: PnP ACPI: found 3 devices
[    0.649535] clocksource: acpi_pm: mask: 0xffffff max_cycles: 0xffffff, max_idle_ns: 2085701024 ns
[    0.651906] NET: Registered protocol family 2
[    0.653380] TCP established hash table entries: 16384 (order: 5, 131072 bytes)
[    0.655310] TCP bind hash table entries: 16384 (order: 6, 262144 bytes)
[    0.656786] TCP: Hash tables configured (established 16384 bind 16384)
[    0.658342] UDP hash table entries: 1024 (order: 3, 32768 bytes)
[    0.659779] UDP-Lite hash table entries: 1024 (order: 3, 32768 bytes)
[    0.661261] NET: Registered protocol family 1
[    0.662331] pci 0000:00:00.0: Limiting direct PCI/PCI transfers
[    0.663722] pci 0000:00:01.0: Activating ISA DMA hang workarounds
[    0.665661] Unpacking initramfs...
[    0.863463] Freeing initrd memory: 14836K
[    0.865096] clocksource: tsc: mask: 0xffffffffffffffff max_cycles: 0x29dc03c1beb, max_idle_ns: 440795205215 ns
[    0.867862] platform rtc_cmos: registered platform RTC device (no PNP device found)
[    0.870056] Scanning for low memory corruption every 60 seconds
[    0.871798] audit: initializing netlink subsys (disabled)
[    0.873054] audit: type=2000 audit(1571761091.217:1): initialized
[    0.875039] Initialise system trusted keyring
[    0.876462] HugeTLB registered 2 MB page size, pre-allocated 0 pages
[    0.879148] zbud: loaded
[    0.880294] VFS: Disk quotas dquot_6.6.0
[    0.881274] VFS: Dquot-cache hash table entries: 512 (order 0, 4096 bytes)
[    0.883404] squashfs: version 4.0 (2009/01/31) Phillip Lougher
[    0.885125] fuse init (API version 7.23)
[    0.886311] Key type big_key registered
[    0.887324] Allocating IMA MOK and blacklist keyrings.
[    0.889708] Key type asymmetric registered
[    0.890743] Asymmetric key parser 'x509' registered
[    0.891903] Block layer SCSI generic (bsg) driver version 0.4 loaded (major 249)
[    0.893816] io scheduler noop registered
[    0.894795] io scheduler deadline registered (default)
[    0.896143] io scheduler cfq registered
[    0.897159] pci_hotplug: PCI Hot Plug PCI Core version: 0.5
[    0.898749] pciehp: PCI Express Hot Plug Controller Driver version: 0.4
[    0.900767] ACPI: AC Adapter [AC] (on-line)
[    0.902017] input: Power Button as /devices/LNXSYSTM:00/LNXPWRBN:00/input/input0
[    0.904261] ACPI: Power Button [PWRF]
[    0.905242] input: Sleep Button as /devices/LNXSYSTM:00/LNXSLPBN:00/input/input1
[    0.907373] ACPI: Sleep Button [SLPF]
[    0.908546] GHES: HEST is not enabled!
[    0.909637] ACPI: Battery Slot [BAT0] (battery present)
[    0.911224] Serial: 8250/16550 driver, 32 ports, IRQ sharing enabled
[    0.933339] 00:02: ttyS0 at I/O 0x3f8 (irq = 4, base_baud = 115200) is a 16550A
[    0.937685] Linux agpgart interface v0.103
[    0.941880] loop: module loaded
[    0.943220] scsi host0: ata_piix
[    0.944157] scsi host1: ata_piix
[    0.945092] ata1: PATA max UDMA/33 cmd 0x1f0 ctl 0x3f6 bmdma 0xd000 irq 14
[    0.946940] ata2: PATA max UDMA/33 cmd 0x170 ctl 0x376 bmdma 0xd008 irq 15
[    0.948623] libphy: Fixed MDIO Bus: probed
[    0.949780] tun: Universal TUN/TAP device driver, 1.6
[    0.951438] tun: (C) 1999-2004 Max Krasnyansky <maxk@qualcomm.com>
[    0.952974] PPP generic driver version 2.4.2
[    0.954209] ehci_hcd: USB 2.0 'Enhanced' Host Controller (EHCI) Driver
[    0.956026] ehci-pci: EHCI PCI platform driver
[    0.957137] ehci-platform: EHCI generic platform driver
[    0.958596] ohci_hcd: USB 1.1 'Open' Host Controller (OHCI) Driver
[    0.960165] ohci-pci: OHCI PCI platform driver
[    0.961468] ohci-platform: OHCI generic platform driver
[    0.963029] uhci_hcd: USB Universal Host Controller Interface driver
[    0.964531] i8042: PNP: PS/2 Controller [PNP0303:PS2K,PNP0f03:PS2M] at 0x60,0x64 irq 1,12
[    0.967038] serio: i8042 KBD port at 0x60,0x64 irq 1
[    0.968521] serio: i8042 AUX port at 0x60,0x64 irq 12
[    0.970212] mousedev: PS/2 mouse device common for all mice
[    0.972033] input: AT Translated Set 2 keyboard as /devices/platform/i8042/serio0/input/input2
[    0.974791] rtc_cmos rtc_cmos: rtc core: registered rtc_cmos as rtc0
[    0.976757] rtc_cmos rtc_cmos: alarms up to one day, 114 bytes nvram
[    0.978406] i2c /dev entries driver
[    0.979467] device-mapper: uevent: version 1.0.3
[    0.980701] device-mapper: ioctl: 4.34.0-ioctl (2015-10-28) initialised: dm-devel@redhat.com
[    0.982840] ledtrig-cpu: registered to indicate activity on CPUs
[    0.984867] NET: Registered protocol family 10
[    0.986260] NET: Registered protocol family 17
[    0.987767] Key type dns_resolver registered
[    0.989231] registered taskstats version 1
[    0.990332] Loading compiled-in X.509 certificates
[    0.992032] Loaded X.509 cert 'Build time autogenerated kernel key: 0ed82eac04367aa6426493b1389455ebf6830eaa'
[    0.995014] zswap: loaded using pool lzo/zbud
[    0.997956] Key type trusted registered
[    1.002062] Key type encrypted registered
[    1.003049] AppArmor: AppArmor sha1 policy hashing enabled
[    1.004358] ima: No TPM chip found, activating TPM-bypass!
[    1.005613] ima: Allocated hash algorithm: sha1
[    1.006915] evm: HMAC attrs: 0x1
[    1.008282]   Magic number: 7:646:338
[    1.009497] tty tty59: hash matches
[    1.010595] rtc_cmos rtc_cmos: setting system clock to 2019-10-22 16:18:06 UTC (1571761086)
[    1.012740] BIOS EDD facility v0.16 2004-Jun-25, 0 devices found
[    1.014259] EDD information not available.
[    1.106970] Freeing unused kernel memory: 1484K
[    1.108811] Write protecting the kernel read-only data: 14336k
[    1.111377] Freeing unused kernel memory: 1608K
[    1.113053] Freeing unused kernel memory: 64K
Loading, please wait...
starting version 229
[    1.130934] random: udevadm: uninitialized urandom read (16 bytes read, 3 bits of entropy available)
[    1.131001] random: systemd-udevd: uninitialized urandom read (16 bytes read, 3 bits of entropy available)
[    1.131240] random: systemd-udevd: uninitialized urandom read (16 bytes read, 3 bits of entropy available)
[    1.131259] random: systemd-udevd: uninitialized urandom read (16 bytes read, 3 bits of entropy available)
[    1.131303] random: systemd-udevd: uninitialized urandom read (16 bytes read, 3 bits of entropy available)
[    1.145684] random: udevadm: uninitialized urandom read (16 bytes read, 3 bits of entropy available)
[    1.152295] random: systemd-udevd: uninitialized urandom read (16 bytes read, 3 bits of entropy available)
[    1.155022] random: systemd-udevd: uninitialized urandom read (16 bytes read, 3 bits of entropy available)
[    1.155639] random: udevadm: uninitialized urandom read (16 bytes read, 3 bits of entropy available)
[    1.155676] random: udevadm: uninitialized urandom read (16 bytes read, 3 bits of entropy available)
[    1.199223] e1000: Intel(R) PRO/1000 Network Driver - version 7.3.21-k8-NAPI
[    1.201196] e1000: Copyright (c) 1999-2006 Intel Corporation.
[    1.206494] Fusion MPT base driver 3.04.20
[    1.207947] Copyright (c) 1999-2008 LSI Corporation
[    1.229042] AVX2 version of gcm_enc/dec engaged.
[    1.230534] AES CTR mode by8 optimization enabled
[    1.242219] Fusion MPT SPI Host driver 3.04.20
[    1.428075] input: ImExPS/2 Generic Explorer Mouse as /devices/platform/i8042/serio1/input/input4
[    1.631752] e1000 0000:00:03.0 eth0: (PCI:33MHz:32-bit) 02:b6:26:2d:10:3c
[    1.633960] e1000 0000:00:03.0 eth0: Intel(R) PRO/1000 Network Connection
[    1.636485] mptbase: ioc0: Initiating bringup
[    1.720373] ioc0: LSI53C1030 A0: Capabilities={Initiator}
[    2.212167] scsi host2: ioc0: LSI53C1030 A0, FwRev=00000000h, Ports=1, MaxQ=256, IRQ=20
[    2.807731] scsi 2:0:0:0: Direct-Access     VBOX     HARDDISK         1.0  PQ: 0 ANSI: 5
[    2.810965] scsi target2:0:0: Beginning Domain Validation
[    2.815671] scsi target2:0:0: Domain Validation skipping write tests
[    2.817598] scsi target2:0:0: Ending Domain Validation
[    2.819301] scsi target2:0:0: asynchronous
[    2.821079] scsi 2:0:1:0: Direct-Access     VBOX     HARDDISK         1.0  PQ: 0 ANSI: 5
[    2.823805] scsi target2:0:1: Beginning Domain Validation
[    2.826637] scsi target2:0:1: Domain Validation skipping write tests
[    2.828438] scsi target2:0:1: Ending Domain Validation
[    2.840279] scsi target2:0:1: asynchronous
[    2.848353] sd 2:0:0:0: Attached scsi generic sg0 type 0
[    2.848412] sd 2:0:0:0: [sda] 20971520 512-byte logical blocks: (10.7 GB/10.0 GiB)
[    2.852334] sd 2:0:0:0: [sda] Write Protect is off
[    2.853800] sd 2:0:0:0: [sda] Incomplete mode parameter data
[    2.855641] sd 2:0:0:0: [sda] Assuming drive cache: write through
[    2.859368]  sda: sda1
[    2.860911] sd 2:0:0:0: [sda] Attached SCSI disk
[    2.863185] sd 2:0:1:0: Attached scsi generic sg1 type 0
[    2.863254] sd 2:0:1:0: [sdb] 20480 512-byte logical blocks: (10.5 MB/10.0 MiB)
[    2.866504] sd 2:0:1:0: [sdb] Write Protect is off
[    2.868084] sd 2:0:1:0: [sdb] Incomplete mode parameter data
[    2.869489] sd 2:0:1:0: [sdb] Assuming drive cache: write through
[    2.873137] sd 2:0:1:0: [sdb] Attached SCSI disk
[    3.253844] e1000 0000:00:08.0 eth1: (PCI:33MHz:32-bit) 08:00:27:6f:7d:03
[    3.256109] e1000 0000:00:08.0 eth1: Intel(R) PRO/1000 Network Connection
[    3.259279] e1000 0000:00:03.0 enp0s3: renamed from eth0
[    3.274960] e1000 0000:00:08.0 enp0s8: renamed from eth1
Begin: Loading essential drivers ... [    4.574773] md: linear personality registered for level -1
[    4.578718] md: multipath personality registered for level -4
[    4.582285] md: raid0 personality registered for level 0
[    4.586641] md: raid1 personality registered for level 1
[    4.657583] raid6: sse2x1   gen() 11803 MB/s
[    4.725897] raid6: sse2x1   xor()  8911 MB/s
[    4.793822] raid6: sse2x2   gen() 14653 MB/s
[    4.861957] raid6: sse2x2   xor() 10125 MB/s
[    4.929539] raid6: sse2x4   gen() 16470 MB/s
[    4.997666] raid6: sse2x4   xor() 11646 MB/s
[    5.065623] raid6: avx2x1   gen() 23696 MB/s
[    5.133733] raid6: avx2x2   gen() 26881 MB/s
[    5.201814] raid6: avx2x4   gen() 29950 MB/s
[    5.203223] raid6: using algorithm avx2x4 gen() 29950 MB/s
[    5.204482] raid6: using avx2x2 recovery algorithm
[    5.206834] xor: automatically using best checksumming function:
[    5.250203]    avx       : 49506.000 MB/sec
[    5.252681] async_tx: api initialized (async)
[    5.262927] md: raid6 personality registered for level 6
[    5.264512] md: raid5 personality registered for level 5
[    5.265753] md: raid4 personality registered for level 4
[    5.271955] md: raid10 personality registered for level 10
done.
Begin: Running /scripts/init-premount ... done.
Begin: Mounting root file system ... Begin: Running /scripts/local-top ... done.
Begin: Running /scripts/local-premount ... [    5.300528] Btrfs loaded
Scanning for Btrfs filesystems
done.
Warning: fsck not present, so skipping root file system
[    5.322040] EXT4-fs (sda1): mounted filesystem with ordered data mode. Opts: (null)
done.
Begin: Running /scripts/local-bottom ... done.
Begin: Running /scripts/init-bottom ... done.
[    5.379427] systemd[1]: systemd 229 running in system mode. (+PAM +AUDIT +SELINUX +IMA +APPARMOR +SMACK +SYSVINIT +UTMP +LIBCRYPTSETUP +GCRYPT +GNUTLS +ACL +XZ -LZ4 +SECCOMP +BLKID +ELFUTILS +KMOD -IDN)
[    5.384403] systemd[1]: Detected virtualization oracle.
[    5.385624] systemd[1]: Detected architecture x86-64.

Welcome to [1mUbuntu 16.04.6 LTS[0m!

[    5.398765] systemd[1]: Set hostname to <ubuntu>.
[    5.401611] systemd[1]: Initializing machine ID from random generator.
[    5.403590] systemd[1]: Installed transient /etc/machine-id file.
[    5.487201] systemd[1]: Started Forward Password Requests to Wall Directory Watch.
[[0;32m  OK  [0m] Started Forward Password Requests to Wall Directory Watch.
[    5.497994] systemd[1]: Set up automount Arbitrary Executable File Formats File System Automount Point.
[[0;32m  OK  [0m] Set up automount Arbitrary Executab...ats File System Automount Point.
[    5.502739] systemd[1]: Listening on udev Kernel Socket.
[[0;32m  OK  [0m] Listening on udev Kernel Socket.
[    5.505540] systemd[1]: Reached target User and Group Name Lookups.
[[0;32m  OK  [0m] Reached target User and Group Name Lookups.
[    5.509213] systemd[1]: Created slice System Slice.
[[0;32m  OK  [0m] Created slice System Slice.
[    5.512214] systemd[1]: Listening on LVM2 metadata daemon socket.
[[0;32m  OK  [0m] Listening on LVM2 metadata daemon socket.
[    5.521755] systemd[1]: Listening on Journal Audit Socket.
[[0;32m  OK  [0m] Listening on Journal Audit Socket.
[    5.524504] systemd[1]: Listening on udev Control Socket.
[[0;32m  OK  [0m] Listening on udev Control Socket.
[    5.527447] systemd[1]: Reached target Swap.
[[0;32m  OK  [0m] Reached target Swap.
[    5.529892] systemd[1]: Listening on Journal Socket.
[[0;32m  OK  [0m] Listening on Journal Socket.
[    5.541989] systemd[1]: Mounting Debug File System...
         Mounting Debug File System...
[    5.544886] systemd[1]: Mounting Huge Pages File System...
         Mounting Huge Pages File System...
[    5.547514] systemd[1]: Starting Uncomplicated firewall...
         Starting Uncomplicated firewall...
[    5.550874] systemd[1]: Starting Create list of required static device nodes for the current kernel...
         Starting Create list of required st... nodes for the current kernel...
[    5.554952] systemd[1]: Listening on Journal Socket (/dev/log).
[[0;32m  OK  [0m] Listening on Journal Socket (/dev/log).
[    5.562204] systemd[1]: Reached target Encrypted Volumes.
[[0;32m  OK  [0m] Reached target Encrypted Volumes.
[    5.565378] systemd[1]: Listening on LVM2 poll daemon socket.
[[0;32m  OK  [0m] Listening on LVM2 poll daemon socket.
[    5.574137] systemd[1]: Reached target System Time Synchronized.
[[0;32m  OK  [0m] Reached target System Time Synchronized.
[    5.577455] systemd[1]: Listening on Syslog Socket.
[[0;32m  OK  [0m] Listening on Syslog Socket.
[    5.580045] systemd[1]: Created slice User and Session Slice.
[[0;32m  OK  [0m] Created slice User and Session Slice.
[    5.590266] systemd[1]: Reached target Slices.
[[0;32m  OK  [0m] Reached target Slices.
[    5.600768] systemd[1]: Created slice system-serial\x2dgetty.slice.
[[0;32m  OK  [0m] Created slice system-serial\x2dgetty.slice.
[    5.842899] systemd[1]: Listening on Device-mapper event daemon FIFOs.
[[0;32m  OK  [0m] Listening on Device-mapper event daemon FIFOs.
[    5.866015] systemd[1]: Starting Load Kernel Modules...
         Starting Load Kernel Modules...
[    5.870067] systemd[1]: Starting Monitoring of LVM2 mirrors, snapshots etc. using dmeventd or progress polling...
         Starting Monitoring of LVM2 mirrors... dmeventd or progress polling...
[    5.878185] systemd[1]: Starting Journal Service...
         Starting Journal Service...
[    5.883620] systemd[1]: Starting Set console keymap...
         Starting Set console keymap...
[    5.887196] systemd[1]: Listening on /dev/initctl Compatibility Named Pipe.
[    5.889896] Loading iSCSI transport class v2.0-870.
[[0;32m  OK  [0m] Listening on /dev/initctl Compatibility Named Pipe.
[    5.895631] systemd[1]: Started Trigger resolvconf update for networkd DNS.
[[0;32m  OK  [0m] Started Trigger resolvconf update for networkd DNS.
[    5.901661] systemd[1]: Starting Remount Root and Kernel File Systems...
         Starting Remount Root and Kernel File Systems...
[    5.906483] EXT4-fs (sda1): re-mounted. Opts: (null)
[    5.908815] systemd[1]: Mounting POSIX Message Queue File System...
         Mounting POSIX Message Queue File System...
[    5.913302] iscsi: registered transport (tcp)
[    5.918557] systemd[1]: Starting Nameserver information manager...
         Starting Nameserver information manager...
[    5.924003] systemd[1]: Mounted Huge Pages File System.
[[0;32m  OK  [0m] Mounted Huge Pages File System.
[    5.933785] systemd[1]: Mounted Debug File System.
[[0;32m  OK  [0m] Mounted Debug File System.
[    5.936336] systemd[1]: Mounted POSIX Message Queue File System.
[[0;32m  OK  [0m] Mounted POSIX Message Queue File System.
[    5.939887] systemd[1]: Started Journal Service.
[[0;32m  OK  [0m] Started Journal Service.
[[0;32m  OK  [0m] Started Uncomplicated firewall.
[    5.950854] iscsi: registered transport (iser)
[[0;32m  OK  [0m] Started Create list of required sta...ce nodes for the current kernel.
[[0;32m  OK  [0m] Started Load Kernel Modules.
[[0;32m  OK  [0m] Started Set console keymap.
[[0;32m  OK  [0m] Started Remount Root and Kernel File Systems.
[[0;32m  OK  [0m] Started Nameserver information manager.
[[0;32m  OK  [0m] Started LVM2 metadata daemon.
         Starting udev Coldplug all Devices...
         Starting Load/Save Random Seed...
         Starting Apply Kernel Variables...
         Mounting FUSE Control File System...
         Starting Create Static Device Nodes in /dev...
         Starting Flush Journal to Persistent Storage...
[[0;32m  OK  [0m] Mounted FUSE Control File System.
[[0;32m  OK  [0m] Started Load/Save Random Seed.
[[0;32m  OK  [0m] Started Apply Kernel Variables.
[[0;32m  OK  [0m] Started Create Static Device Nodes in /dev.
[[0;32m  OK  [0m] Started udev Coldplug all Devices.
[[0;32m  OK  [0m] Started Flush Journal to Persistent Storage.
         Starting udev Kernel Device Manager...
[[0;32m  OK  [0m] Started udev Kernel Device Manager.
[[0;32m  OK  [0m] Started Dispatch Password Requests to Console Directory Watch.
[[0;32m  OK  [0m] Started Monitoring of LVM2 mirrors,...ng dmeventd or progress polling.
[[0;32m  OK  [0m] Reached target Local File Systems (Pre).
[[0;32m  OK  [0m] Reached target Local File Systems.
         Starting Commit a transient machine-id on disk...
         Starting Set console font and keymap...
         Starting LSB: AppArmor initialization...
         Starting Initial cloud-init job (pre-networking)...
         Starting Tell Plymouth To Write Out Runtime Data...
         Starting Create Volatile Files and Directories...
[[0;32m  OK  [0m] Started Commit a transient machine-id on disk.
[[0;32m  OK  [0m] Started Create Volatile Files and Directories.
[[0;32m  OK  [0m] Started Tell Plymouth To Write Out Runtime Data.
         Starting Update UTMP about System Boot/Shutdown...
[[0;32m  OK  [0m] Started Update UTMP about System Boot/Shutdown.
[[0;32m  OK  [0m] Found device /dev/ttyS0.
[[0;32m  OK  [0m] Listening on Load/Save RF Kill Switch Status /dev/rfkill Watch.
[    6.878822] cloud-init[496]: Cloud-init v. 19.2-36-g059d049c-0ubuntu2~16.04.1 running 'init-local' at Tue, 22 Oct 2019 16:18:12 +0000. Up 6.52 seconds.
[[0;32m  OK  [0m] Started LSB: AppArmor initialization.
[[0;32m  OK  [0m] Started Initial cloud-init job (pre-networking).
[[0;32m  OK  [0m] Started Set console font and keymap.
[[0;32m  OK  [0m] Created slice system-getty.slice.
[[0;32m  OK  [0m] Reached target Network (Pre).
         Starting Raise network interfaces...
[[0;32m  OK  [0m] Started Raise network interfaces.
         Starting Initial cloud-init job (metadata service crawler)...
[[0;32m  OK  [0m] Reached target Network.
[    7.969934] cloud-init[957]: Cloud-init v. 19.2-36-g059d049c-0ubuntu2~16.04.1 running 'init' at Tue, 22 Oct 2019 16:18:13 +0000. Up 7.54 seconds.
[    7.971365] cloud-init[957]: ci-info: ++++++++++++++++++++++++++++++++++++++Net device info+++++++++++++++++++++++++++++++++++++++
[    7.980406] cloud-init[957]: ci-info: +--------+-------+----------------------------+---------------+--------+-------------------+
[    7.981899] cloud-init[957]: ci-info: | Device |   Up  |          Address           |      Mask     | Scope  |     Hw-Address    |
[    7.983755] cloud-init[957]: ci-info: +--------+-------+----------------------------+---------------+--------+-------------------+
[    7.985509] cloud-init[957]: ci-info: | enp0s3 |  True |         10.0.2.15          | 255.255.255.0 | global | 02:b6:26:2d:10:3c |
[    7.988176] cloud-init[957]: ci-info: | enp0s3 |  True | fe80::b6:26ff:fe2d:103c/64 |       .       |  link  | 02:b6:26:2d:10:3c |
[    7.990635] cloud-init[957]: ci-info: | enp0s8 | False |             .              |       .       |   .    | 08:00:27:6f:7d:03 |
[    7.992717] cloud-init[957]: ci-info: |   lo   |  True |         127.0.0.1          |   255.0.0.0   |  host  |         .         |
[    7.995272] cloud-init[957]: ci-info: |   lo   |  True |          ::1/128           |       .       |  host  |         .         |
[    7.997784] cloud-init[957]: ci-info: +--------+-------+----------------------------+---------------+--------+-------------------+
[    8.000547] cloud-init[957]: ci-info: +++++++++++++++++++++++++++Route IPv4 info++++++++++++++++++++++++++++
[    8.002625] cloud-init[957]: ci-info: +-------+-------------+----------+---------------+-----------+-------+
[    8.004719] cloud-init[957]: ci-info: | Route | Destination | Gateway  |    Genmask    | Interface | Flags |
[    8.012905] cloud-init[957]: ci-info: +-------+-------------+----------+---------------+-----------+-------+
[    8.014554] cloud-init[957]: ci-info: |   0   |   0.0.0.0   | 10.0.2.2 |    0.0.0.0    |   enp0s3  |   UG  |
[    8.020417] cloud-init[957]: ci-info: |   1   |   10.0.2.0  | 0.0.0.0  | 255.255.255.0 |   enp0s3  |   U   |
[    8.021756] cloud-init[957]: ci-info: +-------+-------------+----------+---------------+-----------+-------+
[    8.023177] cloud-init[957]: ci-info: +++++++++++++++++++Route IPv6 info+++++++++++++++++++
[    8.024283] cloud-init[957]: ci-info: +-------+-------------+---------+-----------+-------+
[    8.025434] cloud-init[957]: ci-info: | Route | Destination | Gateway | Interface | Flags |
[    8.026738] cloud-init[957]: ci-info: +-------+-------------+---------+-----------+-------+
[    8.032535] cloud-init[957]: ci-info: |   0   |  fe80::/64  |    ::   |   enp0s3  |   U   |
[    8.040657] cloud-init[957]: ci-info: |   3   |   ff00::/8  |    ::   |   enp0s3  |   U   |
[[    8.052285] cloud-init[957]: ci-info: +-------+-------------+---------+-----------+-------+
[    8.052864] cloud-init[957]: Generating public/private rsa key pair.
[    8.054051] cloud-init[957]: Your identification has been saved in /etc/ssh/ssh_host_rsa_key.
[    8.054705] cloud-init[957]: Your public key has been saved in /etc/ssh/ssh_host_rsa_key.pub.
[0;32m  OK  [0m] Started Initial cloud-init job (metadata service crawler).
[    8.058875] cloud-init[957]: The key fingerprint is:
[    8.058961] cloud-init[957]: SHA256:OepdEFxPdl2zUiykTcWQSn1p9RtHgeY4sxLec3AIaso root@ubuntu-xenial
[    8.059728] cloud-init[957]: The key's randomart image is:
[    8.060778] cloud-init[957]: +---[RSA 2048]----+
[[0;32m  OK  [0m] Reached target Cloud-config availability.
[[    8.061003] cloud-init[957]: |          . =+O*O|
[    8.063201] cloud-init[957]: |       . o =+B.B=|
[    8.063961] cloud-init[957]: |        + o.Bo+oo|
[    8.064719] cloud-init[957]: |       o + B o. +|
[    8.065451] cloud-init[957]: |    . o S o *  . |
[    8.066182] cloud-init[957]: |     E . = + .   |
[    8.066959] cloud-init[957]: |      .   o o    |
[    8.067660] cloud-init[957]: |     . . .       |
[    8.068660] cloud-init[957]: |      . .        |
[    8.069346] cloud-init[957]: +----[SHA256]-----+
[    8.070148] cloud-init[957]: Generating public/private dsa key pair.
[0;32m  OK  [0m] Reached target System Initialization.
[    8.070527] cloud-init[957]: Your identification has been saved in /etc/ssh/ssh_host_dsa_key.
[    8.074451] cloud-init[957]: Your public key has been saved in /etc/ssh/ssh_host_dsa_key.pub.
[    8.074841] cloud-init[957]: The key fingerprint is:
[[0;32m  OK  [0m] Started ACPI Events Check.
[[    8.074995] [0;32m  OK  [0mcloud-init] [957]: Reached target Paths.SHA256:JgozkzoIHkotHMG4IaVASAwYiB1xE2onw6KywWFjIlc root@ubuntu-xenial

[    8.088716] cloud-init[957]: The key's randomart image is:
[    8.089232] cloud-init[957]: +---[DSA 1024]----+
[[0;32m  OK  [0m] Started Daily apt download activities.
[[    8.089460] [0;32m  OK  [0mcloud-init] [957]: Listening on UUID daemon activation socket.|/B+oE.           |

[    8.099598] cloud-init[957]: |X=o+ .           |
[    8.099924] cloud-init[957]: |*OB .            |
[    8.100079] cloud-init[957]: |X+==             |
         Starting Socket activation for snappy daemon.
[[    8.100155] [0;32m  OK  [0mcloud-init] [957]: Started Message of the Day.|=**.  . S        |

[    8.113144] cloud-init[957]: |B+o= . o         |
[    8.113581] cloud-init[957]: |*.  .            |
[    8.113802] cloud-init[957]: | .               |
[    8.114164] cloud-init[957]: |                 |
[    8.114214] cloud-init[957]: +----[SHA256]-----+
[[0;32m  OK  [0m] Listening on D-Bus System Message Bus Socket.
[[    8.114400] [0;32m  OK  [0mcloud-init] [957]: Started Daily Cleanup of Temporary Directories.Generating public/private ecdsa key pair.

[    8.119552] cloud-init[957]: Your identification has been saved in /etc/ssh/ssh_host_ecdsa_key.
[    8.119804] cloud-init[957]: Your public key has been saved in /etc/ssh/ssh_host_ecdsa_key.pub.
[    8.120584] cloud-init[957]: The key fingerprint is:
[    8.121354] cloud-init[957]: SHA256:vtkHnU4wc2bIyfv5skV6MBlSBDI/ArZJY/kEMcCPaXs root@ubuntu-xenial
[    8.122153] cloud-init[957]: The key's randomart image is:
[    8.122914] cloud-init[957]: +---[ECDSA 256]---+
[    8.123656] cloud-init[957]: |   ...X+o .oo    |
[    8.124430] cloud-init[957]: |    .+.*.+ .     |
[    8.125154] cloud-init[957]: |     +oo.o+o.    |
[    8.125887] cloud-init[957]: |    + . ..Oo+o   |
[    8.126619] cloud-init[957]: |   . .  S  X+..  |
[    8.127351] cloud-init[957]: |    . E.  o +=   |
[    8.128323] cloud-init[957]: |     .  .  =..o  |
[    8.129051] cloud-init[957]: |         +  *o   |
[    8.129780] cloud-init[957]: |        o ...+.  |
[    8.130017] cloud-init[957]: +----[SHA256]-----+
[[0;32m  OK  [0m] Started Daily apt upgrade and clean activities.
[[    8.130517] cloud-init[957]: Generating public/private ed25519 key pair.
[    8.134109] cloud-init[957]: Your identification has been saved in /etc/ssh/ssh_host_ed25519_key.
[    8.134765] cloud-init[957]: Your public key has been saved in /etc/ssh/ssh_host_ed25519_key.pub.
[0;32m  OK  [0m] Listening on ACPID Listen Socket.
[[    8.135331] [0;32m  OK  [0mcloud-init] [957]: Reached target Timers.The key fingerprint is:

[    8.139822] cloud-init[957]: SHA256:/Qzg66VbNy/YLZv0ZUIjV3os9EOZX3gY4BIy2jyVrL0 root@ubuntu-xenial
[    8.148451] cloud-init[957]: The key's randomart image is:
[    8.148674] cloud-init[957]: +--[ED25519 256]--+
[    8.148847] cloud-init[957]: |        o.o....  |
         Starting LXD - unix socket.
[[    8.148908] [0;32m  OK  [0mcloud-init] [957]: Reached target Network is Online.|       + +oo   +o|

[    8.158960] cloud-init[957]: |      . =o. . +++|
[    8.165196] cloud-init[957]: |       ..+.. ..*o|
[    8.173746] cloud-init[957]: |        S o.. *.=|
[    8.175863] cloud-init[957]: |         .E+ + +.|
[    8.184587] cloud-init[957]: |        . oo*.. o|
[    8.184845] cloud-init[957]:          |       . +.o+=.+ |Starting iSCSI initiator daemon (iscsid)...

[    8.184907] cloud-init[957]: |        +.  o+o  |
[    8.198384] cloud-init[957]: +----[SHA256]-----+
[[0;32m  OK  [0m] Listening on Socket activation for snappy daemon.
[[0;32m  OK  [0m] Listening on LXD - unix socket.
[[0;32m  OK  [0m] Started iSCSI initiator daemon (iscsid).
         Starting Login to default iSCSI targets...
[[0;32m  OK  [0m] Reached target Sockets.
[[0;32m  OK  [0m] Reached target Basic System.
         Starting System Logging Service...
         Starting Accounts Service...
         Starting Virtualbox guest utils...
         Starting /etc/rc.local Compatibility...
[[0;32m  OK  [0m] Started ACPI event daemon.
[[0;32m  OK  [0m] Started Deferred execution scheduler.
         Starting Login Service...
         Starting Pollinate to seed the pseudo random number generator...
         Starting LSB: Record successful boot for GRUB...
[[0;32m  OK  [0m] Started D-Bus System Message Bus.
         Starting LSB: MD monitoring daemon...
         Starting LXD - container startup/shutdown...
[[0;32m  OK  [0m] Started Regular background program processing daemon.
[[0;32m  OK  [0m] Started FUSE filesystem for LXC.
         Starting Snappy daemon...
[[0;32m  OK  [0m] Started System Logging Service.
[[0;32m  OK  [0m] Started /etc/rc.local Compatibility.
[[0;32m  OK  [0m] Started Login to default iSCSI targets.
[[0;32m  OK  [0m] Started LSB: Record successful boot for GRUB.
[[0;32m  OK  [0m] Started LXD - container startup/shutdown.
[[0;32m  OK  [0m] Started Login Service.
[[0;32m  OK  [0m] Started Unattended Upgrades Shutdown.
         Starting Authenticate and Authorize Users to Run Privileged Tasks...
[[0;32m  OK  [0m] Reached target Remote File Systems (Pre).
[[0;32m  OK  [0m] Reached target Remote File Systems.
         Starting LSB: Set the CPU Frequency Scaling governor to "ondemand"...
         Starting LSB: automatic crash report generation...
         Starting Permit User Sessions...
         Starting LSB: daemon to balance interrupts for SMP systems...
[[0;32m  OK  [0m] Started LSB: MD monitoring daemon.
[[0;32m  OK  [0m] Started Permit User Sessions.
[[0;32m  OK  [0m] Started Authenticate and Authorize Users to Run Privileged Tasks.
[[0;32m  OK  [0m] Started Accounts Service.
         Starting Hold until boot process finishes up...
         Starting Terminate Plymouth Boot Screen...
[[0;32m  OK  [0m] Started Virtualbox guest utils.
[[0;32m  OK  [0m] Started LSB: automatic crash report generation.
[[0;32m  OK  [0m] Started Hold until boot process finishes up.
[[0;32m  OK  [0m] Started Terminate Plymouth Boot Screen.
[[0;32m  OK  [0m] Started Serial Getty on ttyS0.
         Starting Set console scheme...
[[0;32m  OK  [0m] Started Getty on tty1.
[[0;32m  OK  [0m] Reached target Login Prompts.
[[0;32m  OK  [0m] Started LSB: Set the CPU Frequency Scaling governor to "ondemand".
[[0;32m  OK  [0m] Started LSB: daemon to balance interrupts for SMP systems.
[[0;32m  OK  [0m] Started Set console scheme.
[[0;32m  OK  [0m] Started Pollinate to seed the pseudo random number generator.
         Starting OpenBSD Secure Shell server...
[[0;32m  OK  [0m] Started Snappy daemon.
         Starting Wait until snapd is fully seeded...
[[0;32m  OK  [0m] Started OpenBSD Secure Shell server.
[[0;32m  OK  [0m] Started Wait until snapd is fully seeded.
         Starting Apply the settings specified in cloud-config...
[[0;32m  OK  [0m] Reached target Multi-User System.
[[0;32m  OK  [0m] Reached target Graphical Interface.
         Starting Update UTMP about System Runlevel Changes...
[[0;32m  OK  [0m] Started Update UTMP about System Runlevel Changes.
[    9.515078] cloud-init[1311]: Generating locales (this might take a while)...
[   10.156576] cloud-init[1311]:   en_US.UTF-8... done
[   10.157566] cloud-init[1311]: Generation complete.
[   10.359233] cloud-init[1311]: Cloud-init v. 19.2-36-g059d049c-0ubuntu2~16.04.1 running 'modules:config' at Tue, 22 Oct 2019 16:18:15 +0000. Up 9.44 seconds.
[[0;32m  OK  [0m] Started Apply the settings specified in cloud-config.
         Starting Execute cloud user/final scripts...
ci-info: no authorized ssh keys fingerprints found for user ubuntu.
<14>Oct 22 16:18:16 ec2: 
<14>Oct 22 16:18:16 ec2: #############################################################
<14>Oct 22 16:18:16 ec2: -----BEGIN SSH HOST KEY FINGERPRINTS-----
<14>Oct 22 16:18:16 ec2: 1024 SHA256:JgozkzoIHkotHMG4IaVASAwYiB1xE2onw6KywWFjIlc root@ubuntu-xenial (DSA)
<14>Oct 22 16:18:16 ec2: 256 SHA256:vtkHnU4wc2bIyfv5skV6MBlSBDI/ArZJY/kEMcCPaXs root@ubuntu-xenial (ECDSA)
<14>Oct 22 16:18:16 ec2: 256 SHA256:/Qzg66VbNy/YLZv0ZUIjV3os9EOZX3gY4BIy2jyVrL0 root@ubuntu-xenial (ED25519)
<14>Oct 22 16:18:16 ec2: 2048 SHA256:OepdEFxPdl2zUiykTcWQSn1p9RtHgeY4sxLec3AIaso root@ubuntu-xenial (RSA)
<14>Oct 22 16:18:16 ec2: -----END SSH HOST KEY FINGERPRINTS-----
<14>Oct 22 16:18:16 ec2: #############################################################
-----BEGIN SSH HOST KEY KEYS-----
ecdsa-sha2-nistp256 AAAAE2VjZHNhLXNoYTItbmlzdHAyNTYAAAAIbmlzdHAyNTYAAABBBPfmTM8Bibjjd4t8wGOU9QgjUJF/s9A4JcobFJeUutjg9HUSeSMwE4F6i/MXL4rn1LOdpASoScBzUEwLih/vVhA= root@ubuntu-xenial
ssh-ed25519 AAAAC3NzaC1lZDI1NTE5AAAAIJo6DRADz2nqGa5eTMJfZ3e9oZc7yBayncVJbGLrzzQ/ root@ubuntu-xenial
ssh-rsa AAAAB3NzaC1yc2EAAAADAQABAAABAQCu9pkfbUg8en7na1+B5I8h4IpiMoxCMh5IVFEwHEOhtwY7g72Bc1uXnMrLs2lzAMBoPBvlx+ZV/CnqYWHzhypUA3UsESG6entRTlnTORWUQ0hRL0YhN6Ao+/mo8XUR8WrDFBSm2wm9kwnCc5YHJxWoENoHKeqSB2/o6uoncCGvj33X2CtOEWquSI2CAmjpx92ZvoFnLtwDG11Kx19yr+v5PgAuENYDeDEiT+E6aqkUbTFDl2qm7kPZqpO4MHCPc1oZWZ/UovQrY+y7qBkfxfkbnnZ71ynuJmRo/yFR0a2CNp25OxLDvgA/irvIQYbS9aaW4kEkc29/CBzSNZY1X/xN root@ubuntu-xenial
-----END SSH HOST KEY KEYS-----
[   10.745081] cloud-init[1353]: Cloud-init v. 19.2-36-g059d049c-0ubuntu2~16.04.1 running 'modules:final' at Tue, 22 Oct 2019 16:18:16 +0000. Up 10.62 seconds.
[   10.752493] cloud-init[1353]: ci-info: no authorized ssh keys fingerprints found for user ubuntu.
[   10.764522] cloud-init[1353]: Cloud-init v. 19.2-36-g059d049c-0ubuntu2~16.04.1 finished at Tue, 22 Oct 2019 16:18:16 +0000. Datasource DataSourceNoCloud [seed=/dev/sdb][dsmode=net].  Up 10.73 seconds
[[0;32m  OK  [0m] Started Execute cloud user/final scripts.
[[0;32m  OK  [0m] Reached target Cloud-init target.

Ubuntu 16.04.6 LTS ubuntu-xenial ttyS0

ubuntu-xenial login: 