[    0.000000] Linux version 4.15.0-66-generic (buildd@lgw01-amd64-044) (gcc version 7.4.0 (Ubuntu 7.4.0-1ubuntu1~18.04.1)) #75-Ubuntu SMP Tue Oct 1 05:24:09 UTC 2019 (Ubuntu 4.15.0-66.75-generic 4.15.18)
[    0.000000] Command line: BOOT_IMAGE=/boot/vmlinuz-4.15.0-66-generic root=LABEL=cloudimg-rootfs ro console=tty1 console=ttyS0
[    0.000000] KERNEL supported cpus:
[    0.000000]   Intel GenuineIntel
[    0.000000]   AMD AuthenticAMD
[    0.000000]   Centaur CentaurHauls
[    0.000000] x86/fpu: Supporting XSAVE feature 0x001: 'x87 floating point registers'
[    0.000000] x86/fpu: Supporting XSAVE feature 0x002: 'SSE registers'
[    0.000000] x86/fpu: Supporting XSAVE feature 0x004: 'AVX registers'
[    0.000000] x86/fpu: xstate_offset[2]:  576, xstate_sizes[2]:  256
[    0.000000] x86/fpu: Enabled xstate features 0x7, context size is 832 bytes, using 'standard' format.
[    0.000000] e820: BIOS-provided physical RAM map:
[    0.000000] BIOS-e820: [mem 0x0000000000000000-0x000000000009fbff] usable
[    0.000000] BIOS-e820: [mem 0x000000000009fc00-0x000000000009ffff] reserved
[    0.000000] BIOS-e820: [mem 0x00000000000f0000-0x00000000000fffff] reserved
[    0.000000] BIOS-e820: [mem 0x0000000000100000-0x000000007ffeffff] usable
[    0.000000] BIOS-e820: [mem 0x000000007fff0000-0x000000007fffffff] ACPI data
[    0.000000] BIOS-e820: [mem 0x00000000fec00000-0x00000000fec00fff] reserved
[    0.000000] BIOS-e820: [mem 0x00000000fee00000-0x00000000fee00fff] reserved
[    0.000000] BIOS-e820: [mem 0x00000000fffc0000-0x00000000ffffffff] reserved
[    0.000000] NX (Execute Disable) protection: active
[    0.000000] SMBIOS 2.5 present.
[    0.000000] DMI: innotek GmbH VirtualBox/VirtualBox, BIOS VirtualBox 12/01/2006
[    0.000000] Hypervisor detected: KVM
[    0.000000] e820: last_pfn = 0x7fff0 max_arch_pfn = 0x400000000
[    0.000000] MTRR: Disabled
[    0.000000] x86/PAT: MTRRs disabled, skipping PAT initialization too.
[    0.000000] CPU MTRRs all blank - virtualized system.
[    0.000000] x86/PAT: Configuration [0-7]: WB  WT  UC- UC  WB  WT  UC- UC  
[    0.000000] found SMP MP-table at [mem 0x0009fff0-0x0009ffff]
[    0.000000] Scanning 1 areas for low memory corruption
[    0.000000] RAMDISK: [mem 0x35a89000-0x36d3bfff]
[    0.000000] ACPI: Early table checksum verification disabled
[    0.000000] ACPI: RSDP 0x00000000000E0000 000024 (v02 VBOX  )
[    0.000000] ACPI: XSDT 0x000000007FFF0030 00003C (v01 VBOX   VBOXXSDT 00000001 ASL  00000061)
[    0.000000] ACPI: FACP 0x000000007FFF00F0 0000F4 (v04 VBOX   VBOXFACP 00000001 ASL  00000061)
[    0.000000] ACPI: DSDT 0x000000007FFF0470 0022EA (v02 VBOX   VBOXBIOS 00000002 INTL 20100528)
[    0.000000] ACPI: FACS 0x000000007FFF0200 000040
[    0.000000] ACPI: FACS 0x000000007FFF0200 000040
[    0.000000] ACPI: APIC 0x000000007FFF0240 00005C (v02 VBOX   VBOXAPIC 00000001 ASL  00000061)
[    0.000000] ACPI: SSDT 0x000000007FFF02A0 0001CC (v01 VBOX   VBOXCPUT 00000002 INTL 20100528)
[    0.000000] No NUMA configuration found
[    0.000000] Faking a node at [mem 0x0000000000000000-0x000000007ffeffff]
[    0.000000] NODE_DATA(0) allocated [mem 0x7ffc5000-0x7ffeffff]
[    0.000000] kvm-clock: cpu 0, msr 0:7ff44001, primary cpu clock
[    0.000000] kvm-clock: Using msrs 4b564d01 and 4b564d00
[    0.000000] kvm-clock: using sched offset of 3640903806 cycles
[    0.000000] clocksource: kvm-clock: mask: 0xffffffffffffffff max_cycles: 0x1cd42e4dffb, max_idle_ns: 881590591483 ns
[    0.000000] Zone ranges:
[    0.000000]   DMA      [mem 0x0000000000001000-0x0000000000ffffff]
[    0.000000]   DMA32    [mem 0x0000000001000000-0x000000007ffeffff]
[    0.000000]   Normal   empty
[    0.000000]   Device   empty
[    0.000000] Movable zone start for each node
[    0.000000] Early memory node ranges
[    0.000000]   node   0: [mem 0x0000000000001000-0x000000000009efff]
[    0.000000]   node   0: [mem 0x0000000000100000-0x000000007ffeffff]
[    0.000000] Reserved but unavailable: 98 pages
[    0.000000] Initmem setup node 0 [mem 0x0000000000001000-0x000000007ffeffff]
[    0.000000] ACPI: PM-Timer IO Port: 0x4008
[    0.000000] IOAPIC[0]: apic_id 2, version 32, address 0xfec00000, GSI 0-23
[    0.000000] ACPI: INT_SRC_OVR (bus 0 bus_irq 0 global_irq 2 dfl dfl)
[    0.000000] ACPI: INT_SRC_OVR (bus 0 bus_irq 9 global_irq 9 low level)
[    0.000000] Using ACPI (MADT) for SMP configuration information
[    0.000000] smpboot: Allowing 2 CPUs, 0 hotplug CPUs
[    0.000000] PM: Registered nosave memory: [mem 0x00000000-0x00000fff]
[    0.000000] PM: Registered nosave memory: [mem 0x0009f000-0x0009ffff]
[    0.000000] PM: Registered nosave memory: [mem 0x000a0000-0x000effff]
[    0.000000] PM: Registered nosave memory: [mem 0x000f0000-0x000fffff]
[    0.000000] e820: [mem 0x80000000-0xfebfffff] available for PCI devices
[    0.000000] Booting paravirtualized kernel on KVM
[    0.000000] clocksource: refined-jiffies: mask: 0xffffffff max_cycles: 0xffffffff, max_idle_ns: 7645519600211568 ns
[    0.000000] random: get_random_bytes called from start_kernel+0x99/0x4fd with crng_init=0
[    0.000000] setup_percpu: NR_CPUS:8192 nr_cpumask_bits:2 nr_cpu_ids:2 nr_node_ids:1
[    0.000000] percpu: Embedded 46 pages/cpu s151552 r8192 d28672 u1048576
[    0.000000] PV qspinlock hash table entries: 256 (order: 0, 4096 bytes)
[    0.000000] Built 1 zonelists, mobility grouping on.  Total pages: 515961
[    0.000000] Policy zone: DMA32
[    0.000000] Kernel command line: BOOT_IMAGE=/boot/vmlinuz-4.15.0-66-generic root=LABEL=cloudimg-rootfs ro console=tty1 console=ttyS0
[    0.000000] Memory: 2015624K/2096696K available (12300K kernel code, 2481K rwdata, 4260K rodata, 2436K init, 2388K bss, 81072K reserved, 0K cma-reserved)
[    0.000000] SLUB: HWalign=64, Order=0-3, MinObjects=0, CPUs=2, Nodes=1
[    0.000000] Kernel/User page tables isolation: enabled
[    0.000000] ftrace: allocating 39306 entries in 154 pages
[    0.004000] Hierarchical RCU implementation.
[    0.004000] 	RCU restricting CPUs from NR_CPUS=8192 to nr_cpu_ids=2.
[    0.004000] 	Tasks RCU enabled.
[    0.004000] RCU: Adjusting geometry for rcu_fanout_leaf=16, nr_cpu_ids=2
[    0.004000] NR_IRQS: 524544, nr_irqs: 440, preallocated irqs: 16
[    0.004000] Console: colour VGA+ 80x25
[    0.004000] console [tty1] enabled
[    0.004000] console [ttyS0] enabled
[    0.004000] ACPI: Core revision 20170831
[    0.004000] ACPI: 2 ACPI AML tables successfully acquired and loaded
[    0.004000] APIC: Switch to symmetric I/O mode setup
[    0.004000] x2apic enabled
[    0.004000] Switched APIC routing to physical x2apic.
[    0.004000] ..TIMER: vector=0x30 apic1=0 pin1=2 apic2=-1 pin2=-1
[    0.004003] tsc: Detected 2903.998 MHz processor
[    0.004984] Calibrating delay loop (skipped) preset value.. 5807.99 BogoMIPS (lpj=11615992)
[    0.008002] pid_max: default: 32768 minimum: 301
[    0.009036] Security Framework initialized
[    0.010171] Yama: becoming mindful.
[    0.010962] AppArmor: AppArmor initialized
[    0.013383] Dentry cache hash table entries: 262144 (order: 9, 2097152 bytes)
[    0.016000] Inode-cache hash table entries: 131072 (order: 8, 1048576 bytes)
[    0.016013] Mount-cache hash table entries: 4096 (order: 3, 32768 bytes)
[    0.017414] Mountpoint-cache hash table entries: 4096 (order: 3, 32768 bytes)
[    0.020230] Last level iTLB entries: 4KB 64, 2MB 8, 4MB 8
[    0.021371] Last level dTLB entries: 4KB 64, 2MB 0, 4MB 0, 1GB 4
[    0.022622] Spectre V1 : Mitigation: usercopy/swapgs barriers and __user pointer sanitization
[    0.024002] Spectre V2 : Mitigation: Full generic retpoline
[    0.025171] Spectre V2 : Spectre v2 / SpectreRSB mitigation: Filling RSB on context switch
[    0.028001] Speculative Store Bypass: Vulnerable
[    0.029025] MDS: Mitigation: Clear CPU buffers
[    0.030135] Freeing SMP alternatives memory: 36K
[    0.140998] smpboot: CPU0: Intel(R) Core(TM) i7-6920HQ CPU @ 2.90GHz (family: 0x6, model: 0x5e, stepping: 0x3)
[    0.143909] Performance Events: unsupported p6 CPU model 94 no PMU driver, software events only.
[    0.144031] Hierarchical SRCU implementation.
[    0.145493] NMI watchdog: Perf event create on CPU 0 failed with -2
[    0.148001] NMI watchdog: Perf NMI watchdog permanently disabled
[    0.149293] smp: Bringing up secondary CPUs ...
[    0.150334] x86: Booting SMP configuration:
[    0.151241] .... node  #0, CPUs:      #1
[    0.004000] kvm-clock: cpu 1, msr 0:7ff44041, secondary cpu clock
[    0.156016] smp: Brought up 1 node, 2 CPUs
[    0.156876] smpboot: Max logical packages: 1
[    0.157805] smpboot: Total of 2 processors activated (11615.99 BogoMIPS)
[    0.159284] devtmpfs: initialized
[    0.160046] x86/mm: Memory block size: 128MB
[    0.161200] evm: security.selinux
[    0.161942] evm: security.SMACK64
[    0.162661] evm: security.SMACK64EXEC
[    0.164002] evm: security.SMACK64TRANSMUTE
[    0.164892] evm: security.SMACK64MMAP
[    0.165673] evm: security.apparmor
[    0.166505] evm: security.ima
[    0.167155] evm: security.capability
[    0.172029] clocksource: jiffies: mask: 0xffffffff max_cycles: 0xffffffff, max_idle_ns: 7645041785100000 ns
[    0.174708] futex hash table entries: 512 (order: 3, 32768 bytes)
[    0.176062] pinctrl core: initialized pinctrl subsystem
[    0.177278] RTC time: 16:16:42, date: 10/22/19
[    0.178350] NET: Registered protocol family 16
[    0.179375] audit: initializing netlink subsys (disabled)
[    0.180027] audit: type=2000 audit(1571761007.429:1): state=initialized audit_enabled=0 res=1
[    0.182053] cpuidle: using governor ladder
[    0.184006] cpuidle: using governor menu
[    0.184864] ACPI: bus type PCI registered
[    0.185711] acpiphp: ACPI Hot Plug PCI Controller Driver version: 0.5
[    0.187143] PCI: Using configuration type 1 for base access
[    0.189204] HugeTLB registered 2.00 MiB page size, pre-allocated 0 pages
[    0.192089] ACPI: Added _OSI(Module Device)
[    0.193057] ACPI: Added _OSI(Processor Device)
[    0.194032] ACPI: Added _OSI(3.0 _SCP Extensions)
[    0.196003] ACPI: Added _OSI(Processor Aggregator Device)
[    0.197108] ACPI: Added _OSI(Linux-Dell-Video)
[    0.198218] ACPI: Added _OSI(Linux-Lenovo-NV-HDMI-Audio)
[    0.200007] ACPI: Added _OSI(Linux-HPI-Hybrid-Graphics)
[    0.201502] ACPI: Executed 1 blocks of module-level executable AML code
[    0.206142] ACPI: Interpreter enabled
[    0.207108] ACPI: (supports S0 S5)
[    0.207838] ACPI: Using IOAPIC for interrupt routing
[    0.208184] PCI: Using host bridge windows from ACPI; if necessary, use "pci=nocrs" and report a bug
[    0.210281] ACPI: Enabled 2 GPEs in block 00 to 07
[    0.218862] ACPI: PCI Root Bridge [PCI0] (domain 0000 [bus 00-ff])
[    0.220006] acpi PNP0A03:00: _OSC: OS supports [ASPM ClockPM Segments MSI]
[    0.221954] acpi PNP0A03:00: _OSC: not requesting OS control; OS requires [ExtendedConfig ASPM ClockPM MSI]
[    0.224010] acpi PNP0A03:00: fail to add MMCONFIG information, can't access extended PCI configuration space under this bridge.
[    0.226909] PCI host bridge to bus 0000:00
[    0.228003] pci_bus 0000:00: root bus resource [io  0x0000-0x0cf7 window]
[    0.229394] pci_bus 0000:00: root bus resource [io  0x0d00-0xffff window]
[    0.232002] pci_bus 0000:00: root bus resource [mem 0x000a0000-0x000bffff window]
[    0.233593] pci_bus 0000:00: root bus resource [mem 0x80000000-0xfdffffff window]
[    0.235133] pci_bus 0000:00: root bus resource [bus 00-ff]
[    0.238906] pci 0000:00:01.1: legacy IDE quirk: reg 0x10: [io  0x01f0-0x01f7]
[    0.240002] pci 0000:00:01.1: legacy IDE quirk: reg 0x14: [io  0x03f6]
[    0.241326] pci 0000:00:01.1: legacy IDE quirk: reg 0x18: [io  0x0170-0x0177]
[    0.244003] pci 0000:00:01.1: legacy IDE quirk: reg 0x1c: [io  0x0376]
[    0.266542] pci 0000:00:07.0: quirk: [io  0x4000-0x403f] claimed by PIIX4 ACPI
[    0.268019] pci 0000:00:07.0: quirk: [io  0x4100-0x410f] claimed by PIIX4 SMB
[    0.282811] ACPI: PCI Interrupt Link [LNKA] (IRQs 5 9 10 *11)
[    0.284284] ACPI: PCI Interrupt Link [LNKB] (IRQs 5 9 *10 11)
[    0.285792] ACPI: PCI Interrupt Link [LNKC] (IRQs 5 *9 10 11)
[    0.288140] ACPI: PCI Interrupt Link [LNKD] (IRQs 5 9 10 *11)
[    0.289884] SCSI subsystem initialized
[    0.290863] pci 0000:00:02.0: vgaarb: setting as boot VGA device
[    0.290863] pci 0000:00:02.0: vgaarb: VGA device added: decodes=io+mem,owns=io+mem,locks=none
[    0.292004] pci 0000:00:02.0: vgaarb: bridge control possible
[    0.296002] vgaarb: loaded
[    0.296624] ACPI: bus type USB registered
[    0.297483] usbcore: registered new interface driver usbfs
[    0.298792] usbcore: registered new interface driver hub
[    0.300033] usbcore: registered new device driver usb
[    0.301112] EDAC MC: Ver: 3.0.0
[    0.301112] PCI: Using ACPI for IRQ routing
[    0.301281] NetLabel: Initializing
[    0.304002] NetLabel:  domain hash size = 128
[    0.304907] NetLabel:  protocols = UNLABELED CIPSOv4 CALIPSO
[    0.306171] NetLabel:  unlabeled traffic allowed by default
[    0.308095] clocksource: Switched to clocksource kvm-clock
[    0.320963] VFS: Disk quotas dquot_6.6.0
[    0.322203] VFS: Dquot-cache hash table entries: 512 (order 0, 4096 bytes)
[    0.323947] AppArmor: AppArmor Filesystem Enabled
[    0.325019] pnp: PnP ACPI init
[    0.327152] pnp: PnP ACPI: found 3 devices
[    0.336579] clocksource: acpi_pm: mask: 0xffffff max_cycles: 0xffffff, max_idle_ns: 2085701024 ns
[    0.338838] NET: Registered protocol family 2
[    0.340159] TCP established hash table entries: 16384 (order: 5, 131072 bytes)
[    0.341942] TCP bind hash table entries: 16384 (order: 6, 262144 bytes)
[    0.343819] TCP: Hash tables configured (established 16384 bind 16384)
[    0.346496] UDP hash table entries: 1024 (order: 3, 32768 bytes)
[    0.347915] UDP-Lite hash table entries: 1024 (order: 3, 32768 bytes)
[    0.349324] NET: Registered protocol family 1
[    0.350271] pci 0000:00:00.0: Limiting direct PCI/PCI transfers
[    0.351545] pci 0000:00:01.0: Activating ISA DMA hang workarounds
[    0.353137] pci 0000:00:02.0: Video device with shadowed ROM at [mem 0x000c0000-0x000dffff]
[    0.355235] Unpacking initramfs...
[    0.614249] Freeing initrd memory: 19148K
[    0.615673] clocksource: tsc: mask: 0xffffffffffffffff max_cycles: 0x29dc03c1beb, max_idle_ns: 440795205215 ns
[    0.618056] platform rtc_cmos: registered platform RTC device (no PNP device found)
[    0.619768] Scanning for low memory corruption every 60 seconds
[    0.621963] Initialise system trusted keyrings
[    0.622975] Key type blacklist registered
[    0.623911] workingset: timestamp_bits=36 max_order=19 bucket_order=0
[    0.626117] zbud: loaded
[    0.627103] squashfs: version 4.0 (2009/01/31) Phillip Lougher
[    0.628477] fuse init (API version 7.26)
[    0.631353] Key type asymmetric registered
[    0.632285] Asymmetric key parser 'x509' registered
[    0.633316] Block layer SCSI generic (bsg) driver version 0.4 loaded (major 246)
[    0.635354] io scheduler noop registered
[    0.636296] io scheduler deadline registered
[    0.637236] io scheduler cfq registered (default)
[    0.638635] ACPI: AC Adapter [AC] (on-line)
[    0.639579] input: Power Button as /devices/LNXSYSTM:00/LNXPWRBN:00/input/input0
[    0.641698] ACPI: Power Button [PWRF]
[    0.642569] input: Sleep Button as /devices/LNXSYSTM:00/LNXSLPBN:00/input/input1
[    0.644123] ACPI: Sleep Button [SLPF]
[    0.646384] ACPI: Battery Slot [BAT0] (battery present)
[    0.647507] Serial: 8250/16550 driver, 32 ports, IRQ sharing enabled
[    0.670040] 00:02: ttyS0 at I/O 0x3f8 (irq = 4, base_baud = 115200) is a 16550A
[    0.674573] Linux agpgart interface v0.103
[    0.676881] loop: module loaded
[    0.678150] scsi host0: ata_piix
[    0.679055] scsi host1: ata_piix
[    0.679832] ata1: PATA max UDMA/33 cmd 0x1f0 ctl 0x3f6 bmdma 0xd000 irq 14
[    0.681708] ata2: PATA max UDMA/33 cmd 0x170 ctl 0x376 bmdma 0xd008 irq 15
[    0.684401] libphy: Fixed MDIO Bus: probed
[    0.685583] tun: Universal TUN/TAP device driver, 1.6
[    0.687146] PPP generic driver version 2.4.2
[    0.688323] ehci_hcd: USB 2.0 'Enhanced' Host Controller (EHCI) Driver
[    0.689755] ehci-pci: EHCI PCI platform driver
[    0.690732] ehci-platform: EHCI generic platform driver
[    0.691864] ohci_hcd: USB 1.1 'Open' Host Controller (OHCI) Driver
[    0.693264] ohci-pci: OHCI PCI platform driver
[    0.694269] ohci-platform: OHCI generic platform driver
[    0.695399] uhci_hcd: USB Universal Host Controller Interface driver
[    0.696836] i8042: PNP: PS/2 Controller [PNP0303:PS2K,PNP0f03:PS2M] at 0x60,0x64 irq 1,12
[    0.699021] serio: i8042 KBD port at 0x60,0x64 irq 1
[    0.700405] serio: i8042 AUX port at 0x60,0x64 irq 12
[    0.701836] mousedev: PS/2 mouse device common for all mice
[    0.703903] input: AT Translated Set 2 keyboard as /devices/platform/i8042/serio0/input/input2
[    0.705832] rtc_cmos rtc_cmos: rtc core: registered rtc_cmos as rtc0
[    0.707374] rtc_cmos rtc_cmos: alarms up to one day, 114 bytes nvram
[    0.708780] i2c /dev entries driver
[    0.709627] device-mapper: uevent: version 1.0.3
[    0.710832] device-mapper: ioctl: 4.37.0-ioctl (2017-09-20) initialised: dm-devel@redhat.com
[    0.712800] ledtrig-cpu: registered to indicate activity on CPUs
[    0.714714] NET: Registered protocol family 10
[    0.719867] Segment Routing with IPv6
[    0.720770] NET: Registered protocol family 17
[    0.721863] Key type dns_resolver registered
[    0.723086] mce: Using 0 MCE banks
[    0.723957] RAS: Correctable Errors collector initialized.
[    0.725495] sched_clock: Marking stable (725474868, 0)->(902186909, -176712041)
[    0.727634] registered taskstats version 1
[    0.728687] Loading compiled-in X.509 certificates
[    0.732004] Loaded X.509 cert 'Build time autogenerated kernel key: 01a66adcc10ca4ce7676a3458c33483b0e2b806e'
[    0.734662] zswap: loaded using pool lzo/zbud
[    0.738605] Key type big_key registered
[    0.739593] Key type trusted registered
[    0.742017] Key type encrypted registered
[    0.743129] AppArmor: AppArmor sha1 policy hashing enabled
[    0.744320] ima: No TPM chip found, activating TPM-bypass! (rc=-19)
[    0.746230] ima: Allocated hash algorithm: sha1
[    0.747318] evm: HMAC attrs: 0x1
[    0.748420]   Magic number: 7:96:288
[    0.749248] tty tty21: hash matches
[    0.750002] acpi PNP0400:01: hash matches
[    0.751057] rtc_cmos rtc_cmos: setting system clock to 2019-10-22 16:16:42 UTC (1571761002)
[    0.753147] BIOS EDD facility v0.16 2004-Jun-25, 0 devices found
[    0.754406] EDD information not available.
[    0.847380] Freeing unused kernel image memory: 2436K
[    0.857476] Write protecting the kernel read-only data: 20480k
[    0.860859] Freeing unused kernel image memory: 2008K
[    0.862814] Freeing unused kernel image memory: 1884K
[    0.870752] x86/mm: Checked W+X mappings: passed, no W+X pages found.
[    0.873036] x86/mm: Checking user space page tables
[    0.879967] x86/mm: Checked W+X mappings: passed, no W+X pages found.
Loading, please wait...
starting version 237
[    0.934681] e1000: Intel(R) PRO/1000 Network Driver - version 7.3.21-k8-NAPI
[    0.936507] e1000: Copyright (c) 1999-2006 Intel Corporation.
[    0.940438] Fusion MPT base driver 3.04.20
[    0.941479] Copyright (c) 1999-2008 LSI Corporation
[    0.954968] Fusion MPT SPI Host driver 3.04.20
[    0.961950] AVX2 version of gcm_enc/dec engaged.
[    0.963864] AES CTR mode by8 optimization enabled
[    1.151274] input: ImExPS/2 Generic Explorer Mouse as /devices/platform/i8042/serio1/input/input4
[    1.343296] e1000 0000:00:03.0 eth0: (PCI:33MHz:32-bit) 02:8d:3b:12:ba:ef
[    1.345521] e1000 0000:00:03.0 eth0: Intel(R) PRO/1000 Network Connection
[    1.348025] mptbase: ioc0: Initiating bringup
[    1.613163] ioc0: LSI53C1030 A0: Capabilities={Initiator}
[    2.181131] scsi host2: ioc0: LSI53C1030 A0, FwRev=00000000h, Ports=1, MaxQ=256, IRQ=20
[    2.429854] scsi 2:0:0:0: Direct-Access     VBOX     HARDDISK         1.0  PQ: 0 ANSI: 5
[    2.468130] scsi target2:0:0: Beginning Domain Validation
[    2.472669] scsi target2:0:0: Domain Validation skipping write tests
[    2.474684] scsi target2:0:0: Ending Domain Validation
[    2.476263] scsi target2:0:0: asynchronous
[    2.478401] scsi 2:0:1:0: Direct-Access     VBOX     HARDDISK         1.0  PQ: 0 ANSI: 5
[    2.800675] scsi target2:0:1: Beginning Domain Validation
[    2.805417] random: fast init done
[    2.806635] scsi target2:0:1: Domain Validation skipping write tests
[    2.808206] scsi target2:0:1: Ending Domain Validation
[    2.810001] scsi target2:0:1: asynchronous
[    2.814932] random: systemd-udevd: uninitialized urandom read (16 bytes read)
[    2.816692] random: systemd-udevd: uninitialized urandom read (16 bytes read)
[    2.818386] random: systemd-udevd: uninitialized urandom read (16 bytes read)
[    2.820038] sd 2:0:0:0: Attached scsi generic sg0 type 0
[    2.821553] sd 2:0:1:0: Attached scsi generic sg1 type 0
[    2.822978] sd 2:0:0:0: [sda] 20971520 512-byte logical blocks: (10.7 GB/10.0 GiB)
[    2.824770] sd 2:0:0:0: [sda] Write Protect is off
[    2.825896] sd 2:0:1:0: [sdb] 20480 512-byte logical blocks: (10.5 MB/10.0 MiB)
[    2.827774] sd 2:0:1:0: [sdb] Write Protect is off
[    2.829401] sd 2:0:0:0: [sda] Incomplete mode parameter data
[    2.830742] sd 2:0:0:0: [sda] Assuming drive cache: write through
[    2.832246] sd 2:0:1:0: [sdb] Incomplete mode parameter data
[    2.834255] sd 2:0:1:0: [sdb] Assuming drive cache: write through
[    2.837691]  sda: sda1
[    2.838239] e1000 0000:00:08.0 eth1: (PCI:33MHz:32-bit) 08:00:27:e9:be:a2
[    2.839903] e1000 0000:00:08.0 eth1: Intel(R) PRO/1000 Network Connection
[    2.842493] e1000 0000:00:03.0 enp0s3: renamed from eth0
[    2.844683] sd 2:0:0:0: [sda] Attached SCSI disk
[    2.846059] sd 2:0:1:0: [sdb] Attached SCSI disk
[    2.860972] e1000 0000:00:08.0 enp0s8: renamed from eth1
Begin: Loading essential drivers ... [    4.264206] raid6: sse2x1   gen() 11861 MB/s
[    4.312088] raid6: sse2x1   xor()  8707 MB/s
[    4.360273] raid6: sse2x2   gen() 14482 MB/s
[    4.408256] raid6: sse2x2   xor()  9848 MB/s
[    4.456288] raid6: sse2x4   gen() 16939 MB/s
[    4.504286] raid6: sse2x4   xor() 10236 MB/s
[    4.552254] raid6: avx2x1   gen() 23934 MB/s
[    4.600550] raid6: avx2x1   xor() 16777 MB/s
[    4.648046] raid6: avx2x2   gen() 28503 MB/s
[    4.696220] raid6: avx2x2   xor() 17894 MB/s
[    4.744567] raid6: avx2x4   gen() 33414 MB/s
[    4.792230] raid6: avx2x4   xor() 20083 MB/s
[    4.793614] raid6: using algorithm avx2x4 gen() 33414 MB/s
[    4.794737] raid6: .... xor() 20083 MB/s, rmw enabled
[    4.796031] raid6: using avx2x2 recovery algorithm
[    4.798191] xor: automatically using best checksumming function   avx       
[    4.801357] async_tx: api initialized (async)
done.
Begin: Running /scripts/init-premount ... done.
Begin: Mounting root file system ... Begin: Running /scripts/local-top ... done.
Begin: Running /scripts/local-premount ... [    4.839032] Btrfs loaded, crc32c=crc32c-intel
Scanning for Btrfs filesystems
done.
Warning: fsck not present, so skipping root file system
[    4.862129] EXT4-fs (sda1): mounted filesystem with ordered data mode. Opts: (null)
done.
Begin: Running /scripts/local-bottom ... done.
Begin: Running /scripts/init-bottom ... done.
[    4.967350] ip_tables: (C) 2000-2006 Netfilter Core Team
[    4.972813] systemd[1]: systemd 237 running in system mode. (+PAM +AUDIT +SELINUX +IMA +APPARMOR +SMACK +SYSVINIT +UTMP +LIBCRYPTSETUP +GCRYPT +GNUTLS +ACL +XZ +LZ4 +SECCOMP +BLKID +ELFUTILS +KMOD -IDN2 +IDN -PCRE2 default-hierarchy=hybrid)
[    4.977437] systemd[1]: Detected virtualization oracle.
[    4.978608] systemd[1]: Detected architecture x86-64.

Welcome to [1mUbuntu 18.04.3 LTS[0m!

[    4.983248] systemd[1]: Set hostname to <ubuntu>.
[    4.986893] systemd[1]: Initializing machine ID from random generator.
[    4.988369] systemd[1]: Installed transient /etc/machine-id file.
[    5.133920] systemd[1]: Created slice System Slice.
[[0;32m  OK  [0m] Created slice System Slice.
[    5.136517] systemd[1]: Reached target User and Group Name Lookups.
[[0;32m  OK  [0m] Reached target User and Group Name Lookups.
[    5.138727] systemd[1]: Listening on Journal Socket (/dev/log).
[[0;32m  OK  [0m] Listening on Journal Socket (/dev/log).
[    5.159348] systemd[1]: Created slice User and Session Slice.
[[0;32m  OK  [0m] Created slice User and Session Slice.
[[0;32m  OK  [0m] Listening on Device-mapper event daemon FIFOs.
[[0;32m  OK  [0m] Reached target System Time Synchronized.
[[0;32m  OK  [0m] Listening on udev Kernel Socket.
[[0;32m  OK  [0m] Started Forward Password Requests to Wall Directory Watch.
[[0;32m  OK  [0m] Set up automount Arbitrary Executab…rmats File System Automount Point.
[[0;32m  OK  [0m] Listening on Journal Audit Socket.
[[0;32m  OK  [0m] Listening on LVM2 metadata daemon socket.
[[0;32m  OK  [0m] Listening on /dev/initctl Compatibility Named Pipe.
[[0;32m  OK  [0m] Listening on Network Service Netlink Socket.
[[0;32m  OK  [0m] Listening on LVM2 poll daemon socket.
[[0;32m  OK  [0m] Created slice system-serial\x2dgetty.slice.
[[0;32m  OK  [0m] Reached target Slices.
[[0;32m  OK  [0m] Listening on Syslog Socket.
[[0;32m  OK  [0m] Listening on udev Control Socket.
[[0;32m  OK  [0m] Listening on Journal Socket.
         Starting Monitoring of LVM2 mirrors…ng dmeventd or progress polling...
         Starting udev Coldplug all Devices...
         Mounting Huge Pages File System...
         Starting Uncomplicated firewall...
         Mounting Kernel Debug File System...
         Starting Create list of required st…ce nodes for the current kernel...
         Starting Load Kernel Modules...
         Mounting POSIX Message Queue File System...
         Starting Journal Service...
[[0;32m  OK  [0m] Reached target Swap.
         Starting Set the console keyboard layout...
         Starting Remount Root and Kernel File Systems...
[    5.297328] Loading iSCSI transport class v2.0-870.
[    5.302886] iscsi: registered transport (tcp)
[[0;32m  OK  [0m] Mounted Huge Pages File System.
[[0;32m  OK  [0m] Started Uncomplicated firewall.
[[0;32m  OK  [0m] Mounted Kernel Debug File System.
[[0;32m  OK  [0m] Started Create list of required sta…vice nodes for the current kernel.
[[0;32m  OK  [0m] Mounted POSIX Message Queue File System.
[[0;32m  OK  [0m] Started LVM2 metadata daemon.
[    5.361501] EXT4-fs (sda1): re-mounted. Opts: (null)
         Starting Create Static Device Nodes in /dev...
[[0;32m  OK  [0m] Started Journal Service.
[    5.367552] iscsi: registered transport (iser)
[[0;32m  OK  [0m] Started Load Kernel Modules.
[[0;32m  OK  [0m] Started Remount Root and Kernel File Systems.
[[0;32m  OK  [0m] Started udev Coldplug all Devices.
[[0;32m  OK  [0m] Started Monitoring of LVM2 mirrors,…sing dmeventd or progress polling.
[[0;32m  OK  [0m] Started Create Static Device Nodes in /dev.
         Starting Load/Save Random Seed...
         Starting udev Kernel Device Manager...
         Starting Apply Kernel Variables...
         Mounting FUSE Control File System...
         Mounting Kernel Configuration File System...
         Starting Flush Journal to Persistent Storage...
[[0;32m  OK  [0m] Started Load/Save Random Seed.
[[0;32m  OK  [0m] Mounted FUSE Control File System.
[[0;32m  OK  [0m] Mounted Kernel Configuration File System.
[[0;32m  OK  [0m] Started udev Kernel Device Manager.
[[0;32m  OK  [0m] Started Apply Kernel Variables.
[[0;32m  OK  [0m] Started Flush Journal to Persistent Storage.
[[0;32m  OK  [0m] Found device /dev/ttyS0.
[[0;32m  OK  [0m] Listening on Load/Save RF Kill Switch Status /dev/rfkill Watch.
[[0;32m  OK  [0m] Started Set the console keyboard layout.
[[0;32m  OK  [0m] Started Dispatch Password Requests to Console Directory Watch.
[[0;32m  OK  [0m] Reached target Local Encrypted Volumes.
[[0;32m  OK  [0m] Reached target Local File Systems (Pre).
[[0;32m  OK  [0m] Reached target Local File Systems.
         Starting Set console font and keymap...
         Starting Create Volatile Files and Directories...
         Starting AppArmor initialization...
         Starting Tell Plymouth To Write Out Runtime Data...
         Starting Commit a transient machine-id on disk...
         Starting ebtables ruleset management...
[[0;32m  OK  [0m] Started Set console font and keymap.
[[0;32m  OK  [0m] Started Create Volatile Files and Directories.
[[0;32m  OK  [0m] Started Tell Plymouth To Write Out Runtime Data.
         Starting Update UTMP about System Boot/Shutdown...
[[0;32m  OK  [0m] Started Commit a transient machine-id on disk.
[[0;32m  OK  [0m] Started Update UTMP about System Boot/Shutdown.
[[0;32m  OK  [0m] Started ebtables ruleset management.
[[0;32m  OK  [0m] Started AppArmor initialization.
         Starting Initial cloud-init job (pre-networking)...
[    7.476859] cloud-init[660]: Cloud-init v. 19.2-36-g059d049c-0ubuntu2~18.04.1 running 'init-local' at Tue, 22 Oct 2019 16:16:48 +0000. Up 7.17 seconds.
[[0;32m  OK  [0m] Started Initial cloud-init job (pre-networking).
[[0;32m  OK  [0m] Reached target Network (Pre).
         Starting Network Service...
[[0;32m  OK  [0m] Started Network Service.
         Starting Network Name Resolution...
         Starting Wait for Network to be Configured...
[[0;32m  OK  [0m] Started Network Name Resolution.
[[0;32m  OK  [0m] Reached target Network.
[[0;32m  OK  [0m] Reached target Host and Network Name Lookups.
[[0;32m  OK  [0m] Started Wait for Network to be Configured.
         Starting Initial cloud-init job (metadata service crawler)...
[    9.673787] cloud-init[774]: Cloud-init v. 19.2-36-g059d049c-0ubuntu2~18.04.1 running 'init' at Tue, 22 Oct 2019 16:16:51 +0000. Up 9.55 seconds.
[    9.674886] cloud-init[774]: ci-info: ++++++++++++++++++++++++++++++++++++++Net device info+++++++++++++++++++++++++++++++++++++++
[    9.688225] cloud-init[774]: ci-info: +--------+-------+----------------------------+---------------+--------+-------------------+
[    9.689623] cloud-init[774]: ci-info: | Device |   Up  |          Address           |      Mask     | Scope  |     Hw-Address    |
[    9.690524] cloud-init[774]: ci-info: +--------+-------+----------------------------+---------------+--------+-------------------+
[    9.704246] cloud-init[774]: ci-info: | enp0s3 |  True |         10.0.2.15          | 255.255.255.0 | global | 02:8d:3b:12:ba:ef |
[    9.705443] cloud-init[774]: ci-info: | enp0s3 |  True | fe80::8d:3bff:fe12:baef/64 |       .       |  link  | 02:8d:3b:12:ba:ef |
[    9.720228] cloud-init[774]: ci-info: | enp0s8 | False |             .              |       .       |   .    | 08:00:27:e9:be:a2 |
[    9.721477] cloud-init[774]: ci-info: |   lo   |  True |         127.0.0.1          |   255.0.0.0   |  host  |         .         |
[    9.732139] cloud-init[774]: ci-info: |   lo   |  True |          ::1/128           |       .       |  host  |         .         |
[    9.734134] cloud-init[774]: ci-info: +--------+-------+----------------------------+---------------+--------+-------------------+
[    9.744319] cloud-init[774]: ci-info: ++++++++++++++++++++++++++++Route IPv4 info+++++++++++++++++++++++++++++
[    9.756302] cloud-init[774]: ci-info: +-------+-------------+----------+-----------------+-----------+-------+
[    9.768739] cloud-init[774]: ci-info: | Route | Destination | Gateway  |     Genmask     | Interface | Flags |
[    9.785258] cloud-init[774]: ci-info: +-------+-------------+----------+-----------------+-----------+-------+
[    9.786023] cloud-init[774]: ci-info: |   0   |   0.0.0.0   | 10.0.2.2 |     0.0.0.0     |   enp0s3  |   UG  |
[    9.787623] cloud-init[774]: ci-info: |   1   |   10.0.2.0  | 0.0.0.0  |  255.255.255.0  |   enp0s3  |   U   |
[    9.800344] cloud-init[774]: ci-info: |   2   |   10.0.2.2  | 0.0.0.0  | 255.255.255.255 |   enp0s3  |   UH  |
[    9.812284] cloud-init[774]: ci-info: +-------+-------------+----------+-----------------+-----------+-------+
[    9.828215] cloud-init[774]: ci-info: +++++++++++++++++++Route IPv6 info+++++++++++++++++++
[    9.829872] cloud-init[774]: ci-info: +-------+-------------+---------+-----------+-------+
[    9.831478] cloud-init[774]: ci-info: | Route | Destination | Gateway | Interface | Flags |
[    9.833053] cloud-init[774]: ci-info: +-------+-------------+---------+-----------+-------+
[    9.835397] cloud-init[774]: ci-info: |   1   |  fe80::/64  |    ::   |   enp0s3  |   U   |
[    9.837710] cloud-init[774]: ci-info: |   3   |    local    |    ::   |   enp0s3  |   U   |
[    9.839960] cloud-init[774]: ci-info: |   4   |   ff00::/8  |    ::   |   enp0s3  |   U   |
[    9.841994] cloud-init[774]: ci-info: +-------+-------------+---------+-----------+-------+
[   10.377745] cloud-init[774]: Generating public/private rsa key pair.
[   10.388473] cloud-init[774]: Your identification has been saved in /etc/ssh/ssh_host_rsa_key.
[   10.400320] cloud-init[774]: Your public key has been saved in /etc/ssh/ssh_host_rsa_key.pub.
[   10.403310] cloud-init[774]: The key fingerprint is:
[   10.416753] cloud-init[774]: SHA256:wRcyn/Tx3yDOmHNA1V5R/rrZNd6B0+uKjD4i48sz8FY root@ubuntu-bionic
[[0;32m  OK  [0m] Started Initial cloud-init job (metadata service crawler).
[   10.438480] cloud-init[774]: The key's randomart image is:
[   10.453303] cloud-init[774]: +---[RSA 2048]----+
[   10.453385] cloud-init[774]: |        o +.o. .+|
[   10.453545] cloud-init[774]: |       . * + o...|
[   10.454008] cloud-init[774]: |        o = o.o..|
[   10.454093] cloud-init[774]: |         o * ..oo|
[[0;32m  OK  [0m] Reached target System Initialization.
[   10.454191] cloud-init[774]: |        S + +   +|
[[0;32m  OK  [0m] Listening on ACPID Listen Socket.
[   10.468961] cloud-init[774]: |   .   E   o  o. |
[[   10.480781] [0;32m  OK  [0m] cloud-initStarted ACPI Events Check.[774]: 
|    o .      o.+.|
[[0;32m  OK  [0m] Started Daily Cleanup of Temporary Directories.
[   10.481980] cloud-init[774]: |    .B . .o . o+*|
[[0;32m  OK  [0m[   10.504706] ] cloud-initListening on UUID daemon activation socket.[774]: 
|    o+* oo.o .=+o|
[   10.505792] cloud-init[774]: +----[SHA256]-----+
[[   10.516431] [0;32m  OK  [0mcloud-init] [774]: Started Discard unused blocks once a week.
Generating public/private dsa key pair.
[[   10.528735] [0;32m  OK  [0mcloud-init] [774]: Listening on Open-iSCSI iscsid Socket.Your identification has been saved in /etc/ssh/ssh_host_dsa_key.

[[0;32m  OK  [0m] Started Message of the Day.
[   10.540257] cloud-init[774]: Your public key has been saved in /etc/ssh/ssh_host_dsa_key.pub.
[   10.554549] cloud-init[774]: The key fingerprint is:
[   10.555985] cloud-init[774]: SHA256:a/AhJ1b53c839WYwYUwiu3YoVcbmA/WrHscaOykwCLc root@ubuntu-bionic
[   10.558464] cloud-init[774]: The key's randomart image is:
[   10.559878] cloud-init[774]: +---[DSA 1024]----+
[   10.563477] cloud-init[774]: |          .o= .  |
         Starting Socket activation for snappy daemon.
[   10.569529] [[0;32m  OK  [0m] Listening on D-Bus System Message Bus Socket.
         Starting LXD - unix socket.
[[0;32m  OK  [0m] Reached target Paths.
[[0;32m  OK  [0m] Started Daily apt download activities.
[[0;32m  OK  [0m] Started Daily apt upgrade and clean activities.
[[0;32m  OK  [0m] Reached target Timers.
cloud-init[774]: |         ..=o=   |
[[0;32m  OK  [0m] Reached target Network is Online.
[   10.582498] cloud-init[774]:          Starting Availability of block devices...
[[0;32m  OK  [0m] Reached target Remote File Systems (Pre).
[[0;32m  OK  [0m] Reached target Remote File Systems.
[[0;32m  OK  [0m] Reached target Cloud-config availability.
[[0;32m  OK  [0m] Listening on Socket activation for snappy daemon.
|        o o+  =  |[[0;32m  OK  [0m] Listening on LXD - unix socket.
[[0;32m  OK  [0m] Reached target Sockets.
[[0;32m  OK  [0m] Reached target Basic System.

[[0;32m  OK  [0m] Started Deferred execution scheduler.
         Starting Virtualbox guest utils...
[   10.595086] cloud-init[774]: |    . .. o +oo o |
         Starting Login Service...
[   10.604190] cloud-init[774]: |     o=oS = o.= .|
[   10.605840] cloud-init[774]: |     .E*o= . o =o|
[   10.607179] cloud-init[774]: |        +o  +.o.B|
[   10.608980] cloud-init[774]: |       .  ..o* oo|
[[0;32m  OK  [0m] Started Regular background program processing daemon.
[   10.625166] cloud-init[774]: |           .+.   |
[   10.631188] cloud-init[774]: +----[SHA256]-----+
[   10.632700] cloud-init[774]: Generating public/private ecdsa key pair.
[   10.634298] cloud-init[774]: Your identification has been saved in /etc/ssh/ssh_host_ecdsa_key.
[   10.636672] cloud-init[774]: Your public key has been saved in /etc/ssh/ssh_host_ecdsa_key.pub.
[   10.648866] cloud-init[774]: The key fingerprint is:
         [   10.661093] cloud-init[774]: SHA256:jPU98Ge6/ipRtkSM72taHOK1OaqeIOk0hiZPmHvyE1g root@ubuntu-bionic
Starting Dispatcher daemon for systemd-networkd...
[   10.661227] cloud-init[774]: The key's randomart image is:
[   10.663195] cloud-init[774]: +---[ECDSA 256]---+
[   10.664204] cloud-init[774]: |           o     |
[   10.665188] cloud-init[774]: |          . o    |
[   10.666164] cloud-init[774]: |        . .o     |
         Starting Permit User Sessions...
[   10.668565] cloud-init[774]: |  E    + . +=    |
         Starting LXD - container startup/shutdown...
[   10.675242] cloud-init[774]: | o    . S o=*.o  |
[   10.676270] cloud-init[774]: |.o.. .   ..+oO   |
[   10.676840] cloud-init[774]: |+ +.* .   ..B.   |
[   10.678078] cloud-init[774]: |.*o+ o . ..ooo   |
[   10.679167] cloud-init[774]: |.+o..  .+.o=+o.  |
[   10.680643] cloud-init[774]: +----[SHA256]-----+
[   10.683034] cloud-init[774]: Generating public/private ed25519 key pair.
[   10.685836] cloud-init[774]: Your identification has been saved in /etc/ssh/ssh_host_ed25519_key.
[   10.690178] cloud-init[774]: Your public key has been saved in /etc/ssh/ssh_host_ed25519_key.pub.
[   10.693194] cloud-init[774]: The key fingerprint is:
[   10.695026] cloud-init[774]: SHA256:y85tJ7n6T7nD/S84S5Q1cZsqC+Id7q7Uz3xN0t41zKk root@ubuntu-bionic
[   10.697780] cloud-init[774]: The key's randomart image is:
[   10.699537] cloud-init[774]: +--[ED25519 256]--+
[   10.701007] cloud-init[774]: |              . .|
[   10.702849] cloud-init[774]: |               oo|
[   10.704214] cloud-init[774]: |              oo |
[   10.716163] cloud-init[774]: |             o.. |
[   10.717566] cloud-init[774]: |       .So .o.+ .|
[   10.718888] cloud-init[774]: |      ..=.o.oo B.|
[   10.720131] cloud-init[774]: |       oo+ ++o* +|
[   10.722440] cloud-init[774]: |      .o..Bo*Eoo.|
         Starting Pollinate to seed the pseudo random number generator...
         Starting System Logging Service...
[   10.728976] cloud-init[774]: |       .**+O=+ o+|
[   10.729967] cloud-init[774]: +----[SHA256]-----+
         Starting Snappy daemon...
         Starting LSB: automatic crash report generation...
[[0;32m  OK  [0m] Started irqbalance daemon.
         Starting Accounts Service...
[[0;32m  OK  [0m] Started D-Bus System Message Bus.
[[0;32m  OK  [0m] Started Login Service.
[[0;32m  OK  [0m] Started Unattended Upgrades Shutdown.
         Starting LSB: Record successful boot for GRUB...
[[0;32m  OK  [0m] Started FUSE filesystem for LXC.
[[0;32m  OK  [0m] Started System Logging Service.
[[0;32m  OK  [0m] Started Availability of block devices.
[[0;32m  OK  [0m] Started Permit User Sessions.
[[0;32m  OK  [0m] Started LXD - container startup/shutdown.
         Starting Authorization Manager...
         Starting Hold until boot process finishes up...
         Starting Terminate Plymouth Boot Screen...
[[0;32m  OK  [0m] Started Dispatcher daemon for systemd-networkd.
[[0;32m  OK  [0m] Started Hold until boot process finishes up.
[[0;32m  OK  [0m] Started Terminate Plymouth Boot Screen.
         Starting Set console scheme...
[[0;32m  OK  [0m] Started Serial Getty on ttyS0.
[[0;32m  OK  [0m] Started Authorization Manager.
[[0;32m  OK  [0m] Started Accounts Service.
[[0;32m  OK  [0m] Started LSB: Record successful boot for GRUB.
[[0;32m  OK  [0m] Started Set console scheme.
[[0;32m  OK  [0m] Created slice system-getty.slice.
[[0;32m  OK  [0m] Started Getty on tty1.
[[0;32m  OK  [0m] Reached target Login Prompts.
[[0;32m  OK  [0m] Started LSB: automatic crash report generation.
[[0;32m  OK  [0m] Started Virtualbox guest utils.
[[0;32m  OK  [0m] Started Snappy daemon.
         Starting Wait until snapd is fully seeded...
[[0;32m  OK  [0m] Started Pollinate to seed the pseudo random number generator.
         Starting OpenBSD Secure Shell server...
[[0;32m  OK  [0m] Started OpenBSD Secure Shell server.
[[0;32m  OK  [0m] Started Wait until snapd is fully seeded.
         Starting Apply the settings specified in cloud-config...
[[0;32m  OK  [0m] Reached target Multi-User System.
[[0;32m  OK  [0m] Reached target Graphical Interface.
         Starting Update UTMP about System Runlevel Changes...
[[0;32m  OK  [0m] Started Update UTMP about System Runlevel Changes.
[   12.526501] cloud-init[1301]: Cloud-init v. 19.2-36-g059d049c-0ubuntu2~18.04.1 running 'modules:config' at Tue, 22 Oct 2019 16:16:53 +0000. Up 12.22 seconds.
[[0;32m  OK  [0m] Started Apply the settings specified in cloud-config.
         Starting Execute cloud user/final scripts...
ci-info: no authorized ssh keys fingerprints found for user ubuntu.
<14>Oct 22 16:16:54 ec2: 
<14>Oct 22 16:16:54 ec2: #############################################################
<14>Oct 22 16:16:54 ec2: -----BEGIN SSH HOST KEY FINGERPRINTS-----
<14>Oct 22 16:16:54 ec2: 1024 SHA256:a/AhJ1b53c839WYwYUwiu3YoVcbmA/WrHscaOykwCLc root@ubuntu-bionic (DSA)
<14>Oct 22 16:16:54 ec2: 256 SHA256:jPU98Ge6/ipRtkSM72taHOK1OaqeIOk0hiZPmHvyE1g root@ubuntu-bionic (ECDSA)
<14>Oct 22 16:16:54 ec2: 256 SHA256:y85tJ7n6T7nD/S84S5Q1cZsqC+Id7q7Uz3xN0t41zKk root@ubuntu-bionic (ED25519)
<14>Oct 22 16:16:54 ec2: 2048 SHA256:wRcyn/Tx3yDOmHNA1V5R/rrZNd6B0+uKjD4i48sz8FY root@ubuntu-bionic (RSA)
<14>Oct 22 16:16:54 ec2: -----END SSH HOST KEY FINGERPRINTS-----
<14>Oct 22 16:16:54 ec2: #############################################################
-----BEGIN SSH HOST KEY KEYS-----
ecdsa-sha2-nistp256 AAAAE2VjZHNhLXNoYTItbmlzdHAyNTYAAAAIbmlzdHAyNTYAAABBBDZQL0dWlg164o+AGBq5E+MokzfuFC0ki3z+rezxAu11qnTv68RjDJz4JFoKNb0hdEtJWWDxOSstLxm6fnlU9n0= root@ubuntu-bionic
ssh-ed25519 AAAAC3NzaC1lZDI1NTE5AAAAIEPHHKa9sXPjON6JRyiHuZER1wavtB0GzJT9NVltWrDe root@ubuntu-bionic
ssh-rsa AAAAB3NzaC1yc2EAAAADAQABAAABAQC84CKMjpxJ17fPIrMwPsJDzTBe48ZDVKbFu8wvFElsmkMKA6KQHuil8SRRKZRZVlU4HGQYqvZ//RJHdG0yjycYDUE1ULXP33r0TVRW57I+L2HrQjmykLjDAyx44JC0SIThYFABEpnr1nxu/QYB/zeC0570wRcUbeQK3KXHamUSZo1GZRemaKKmQckkWdp0oK6UCQFdxpXJf0RYsJ5R+fZ92iKocRQNy2iUc5HOXGXfG5InTtI2Bqo9pmreHrEmPBF5hndx8QuPlZt4ef2B+jGGM21fc6MMjIByMfVoXz8HUZ1XPrOaCiBdcO8P8MwSFnL1L3GHFDIVIxh4qtybSM4D root@ubuntu-bionic
-----END SSH HOST KEY KEYS-----
[   13.059236] cloud-init[1371]: Cloud-init v. 19.2-36-g059d049c-0ubuntu2~18.04.1 running 'modules:final' at Tue, 22 Oct 2019 16:16:54 +0000. Up 12.91 seconds.
[   13.062323] cloud-init[1371]: ci-info: no authorized ssh keys fingerprints found for user ubuntu.
[   13.064804] cloud-init[1371]: Cloud-init v. 19.2-36-g059d049c-0ubuntu2~18.04.1 finished at Tue, 22 Oct 2019 16:16:54 +0000. Datasource DataSourceNoCloud [seed=/dev/sdb][dsmode=net].  Up 13.05 seconds
[[0;32m  OK  [0m] Started Execute cloud user/final scripts.
[[0;32m  OK  [0m] Reached target Cloud-init target.

Ubuntu 18.04.3 LTS ubuntu-bionic ttyS0

ubuntu-bionic login: 